{"C:\\Users\\guter\\OneDrive\\שולחן העבודה\\final project 2025\\final version brfore submit\\chargingStation\\server\\src\\server.ts": {"path":"C:\\Users\\guter\\OneDrive\\שולחן העבודה\\final project 2025\\final version brfore submit\\chargingStation\\server\\src\\server.ts","statementMap":{"0":{"start":{"line":1,"column":0},"end":{"line":1,"column":43}},"1":{"start":{"line":2,"column":0},"end":{"line":2,"column":28}},"2":{"start":{"line":3,"column":0},"end":{"line":3,"column":32}},"3":{"start":{"line":4,"column":0},"end":{"line":4,"column":37}},"4":{"start":{"line":5,"column":0},"end":{"line":5,"column":56}},"5":{"start":{"line":6,"column":0},"end":{"line":6,"column":24}},"6":{"start":{"line":7,"column":0},"end":{"line":7,"column":59}},"7":{"start":{"line":8,"column":0},"end":{"line":8,"column":45}},"8":{"start":{"line":9,"column":0},"end":{"line":9,"column":52}},"9":{"start":{"line":10,"column":0},"end":{"line":10,"column":47}},"10":{"start":{"line":11,"column":0},"end":{"line":11,"column":56}},"11":{"start":{"line":12,"column":0},"end":{"line":12,"column":41}},"12":{"start":{"line":13,"column":0},"end":{"line":13,"column":43}},"13":{"start":{"line":14,"column":0},"end":{"line":14,"column":49}},"14":{"start":{"line":15,"column":0},"end":{"line":15,"column":20}},"15":{"start":{"line":16,"column":0},"end":{"line":16,"column":24}},"16":{"start":{"line":18,"column":12},"end":{"line":18,"column":21}},"17":{"start":{"line":19,"column":0},"end":{"line":19,"column":16}},"18":{"start":{"line":22,"column":0},"end":{"line":27,"column":2}},"19":{"start":{"line":29,"column":32},"end":{"line":37,"column":1}},"20":{"start":{"line":30,"column":22},"end":{"line":30,"column":33}},"21":{"start":{"line":31,"column":2},"end":{"line":36,"column":5}},"22":{"start":{"line":32,"column":21},"end":{"line":32,"column":49}},"23":{"start":{"line":33,"column":4},"end":{"line":35,"column":5}},"24":{"start":{"line":34,"column":6},"end":{"line":34,"column":50}},"25":{"start":{"line":39,"column":0},"end":{"line":39,"column":26}},"26":{"start":{"line":41,"column":0},"end":{"line":41,"column":72}},"27":{"start":{"line":45,"column":16},"end":{"line":57,"column":2}},"28":{"start":{"line":58,"column":14},"end":{"line":58,"column":35}},"29":{"start":{"line":59,"column":0},"end":{"line":59,"column":62}},"30":{"start":{"line":61,"column":18},"end":{"line":86,"column":2}},"31":{"start":{"line":61,"column":47},"end":{"line":86,"column":2}},"32":{"start":{"line":62,"column":2},"end":{"line":64,"column":3}},"33":{"start":{"line":63,"column":4},"end":{"line":63,"column":44}},"34":{"start":{"line":66,"column":2},"end":{"line":72,"column":3}},"35":{"start":{"line":67,"column":4},"end":{"line":67,"column":51}},"36":{"start":{"line":68,"column":4},"end":{"line":68,"column":40}},"37":{"start":{"line":70,"column":4},"end":{"line":70,"column":57}},"38":{"start":{"line":71,"column":4},"end":{"line":71,"column":16}},"39":{"start":{"line":74,"column":2},"end":{"line":74,"column":29}},"40":{"start":{"line":75,"column":2},"end":{"line":75,"column":53}},"41":{"start":{"line":77,"column":2},"end":{"line":77,"column":31}},"42":{"start":{"line":78,"column":2},"end":{"line":78,"column":53}},"43":{"start":{"line":79,"column":2},"end":{"line":79,"column":39}},"44":{"start":{"line":80,"column":2},"end":{"line":80,"column":35}},"45":{"start":{"line":81,"column":2},"end":{"line":81,"column":36}},"46":{"start":{"line":82,"column":2},"end":{"line":82,"column":37}},"47":{"start":{"line":83,"column":2},"end":{"line":83,"column":33}},"48":{"start":{"line":85,"column":2},"end":{"line":85,"column":13}},"49":{"start":{"line":88,"column":0},"end":{"line":88,"column":25}}},"fnMap":{"0":{"name":"(anonymous_8)","decl":{"start":{"line":29,"column":32},"end":{"line":29,"column":35}},"loc":{"start":{"line":29,"column":37},"end":{"line":37,"column":1}}},"1":{"name":"(anonymous_9)","decl":{"start":{"line":31,"column":22},"end":{"line":31,"column":23}},"loc":{"start":{"line":31,"column":30},"end":{"line":36,"column":3}}},"2":{"name":"(anonymous_10)","decl":{"start":{"line":61,"column":18},"end":{"line":61,"column":45}},"loc":{"start":{"line":61,"column":47},"end":{"line":86,"column":2}}},"3":{"name":"(anonymous_11)","decl":{"start":{"line":61,"column":47},"end":{"line":61,"column":null}},"loc":{"start":{"line":61,"column":47},"end":{"line":86,"column":1}}}},"branchMap":{"0":{"loc":{"start":{"line":33,"column":4},"end":{"line":35,"column":5}},"type":"if","locations":[{"start":{"line":33,"column":4},"end":{"line":35,"column":5}}]},"1":{"loc":{"start":{"line":62,"column":2},"end":{"line":64,"column":3}},"type":"if","locations":[{"start":{"line":62,"column":2},"end":{"line":64,"column":3}}]}},"s":{"0":5,"1":5,"2":5,"3":5,"4":5,"5":5,"6":5,"7":5,"8":5,"9":5,"10":5,"11":5,"12":5,"13":5,"14":5,"15":5,"16":5,"17":5,"18":5,"19":5,"20":5,"21":5,"22":5,"23":5,"24":0,"25":5,"26":5,"27":5,"28":5,"29":5,"30":5,"31":5,"32":5,"33":0,"34":5,"35":5,"36":5,"37":0,"38":0,"39":5,"40":5,"41":5,"42":5,"43":5,"44":5,"45":5,"46":5,"47":5,"48":5,"49":5},"f":{"0":5,"1":5,"2":5,"3":5},"b":{"0":[0],"1":[0]}}
,"C:\\Users\\guter\\OneDrive\\שולחן העבודה\\final project 2025\\final version brfore submit\\chargingStation\\server\\src\\uploads.ts": {"path":"C:\\Users\\guter\\OneDrive\\שולחן העבודה\\final project 2025\\final version brfore submit\\chargingStation\\server\\src\\uploads.ts","statementMap":{"0":{"start":{"line":1,"column":0},"end":{"line":1,"column":47}},"1":{"start":{"line":2,"column":0},"end":{"line":2,"column":24}},"2":{"start":{"line":3,"column":0},"end":{"line":3,"column":20}},"3":{"start":{"line":6,"column":31},"end":{"line":23,"column":2}},"4":{"start":{"line":8,"column":19},"end":{"line":8,"column":34}},"5":{"start":{"line":10,"column":4},"end":{"line":12,"column":5}},"6":{"start":{"line":11,"column":6},"end":{"line":11,"column":71}},"7":{"start":{"line":14,"column":23},"end":{"line":14,"column":64}},"8":{"start":{"line":15,"column":4},"end":{"line":15,"column":50}},"9":{"start":{"line":17,"column":4},"end":{"line":17,"column":25}},"10":{"start":{"line":20,"column":23},"end":{"line":20,"column":59}},"11":{"start":{"line":21,"column":4},"end":{"line":21,"column":25}},"12":{"start":{"line":25,"column":15},"end":{"line":25,"column":34}},"13":{"start":{"line":27,"column":0},"end":{"line":27,"column":22}}},"fnMap":{"0":{"name":"(anonymous_1)","decl":{"start":{"line":7,"column":15},"end":{"line":7,"column":16}},"loc":{"start":{"line":7,"column":115},"end":{"line":18,"column":3}}},"1":{"name":"(anonymous_2)","decl":{"start":{"line":19,"column":12},"end":{"line":19,"column":13}},"loc":{"start":{"line":19,"column":109},"end":{"line":22,"column":3}}}},"branchMap":{"0":{"loc":{"start":{"line":10,"column":4},"end":{"line":12,"column":5}},"type":"if","locations":[{"start":{"line":10,"column":4},"end":{"line":12,"column":5}}]}},"s":{"0":5,"1":5,"2":5,"3":5,"4":4,"5":4,"6":0,"7":4,"8":4,"9":4,"10":4,"11":4,"12":5,"13":5},"f":{"0":4,"1":4},"b":{"0":[0]}}
,"C:\\Users\\guter\\OneDrive\\שולחן העבודה\\final project 2025\\final version brfore submit\\chargingStation\\server\\src\\controllers\\book_a_charger_controller.ts": {"path":"C:\\Users\\guter\\OneDrive\\שולחן העבודה\\final project 2025\\final version brfore submit\\chargingStation\\server\\src\\controllers\\book_a_charger_controller.ts","statementMap":{"0":{"start":{"line":2,"column":0},"end":{"line":2,"column":57}},"1":{"start":{"line":4,"column":20},"end":{"line":37,"column":2}},"2":{"start":{"line":4,"column":58},"end":{"line":37,"column":2}},"3":{"start":{"line":5,"column":2},"end":{"line":36,"column":3}},"4":{"start":{"line":14,"column":8},"end":{"line":14,"column":16}},"5":{"start":{"line":17,"column":28},"end":{"line":17,"column":63}},"6":{"start":{"line":18,"column":26},"end":{"line":18,"column":59}},"7":{"start":{"line":19,"column":23},"end":{"line":19,"column":37}},"8":{"start":{"line":21,"column":20},"end":{"line":29,"column":6}},"9":{"start":{"line":31,"column":4},"end":{"line":31,"column":25}},"10":{"start":{"line":33,"column":4},"end":{"line":33,"column":69}},"11":{"start":{"line":35,"column":4},"end":{"line":35,"column":71}},"12":{"start":{"line":39,"column":23},"end":{"line":46,"column":2}},"13":{"start":{"line":39,"column":61},"end":{"line":46,"column":2}},"14":{"start":{"line":40,"column":2},"end":{"line":45,"column":3}},"15":{"start":{"line":41,"column":21},"end":{"line":41,"column":47}},"16":{"start":{"line":42,"column":4},"end":{"line":42,"column":35}},"17":{"start":{"line":44,"column":4},"end":{"line":44,"column":73}},"18":{"start":{"line":48,"column":23},"end":{"line":59,"column":2}},"19":{"start":{"line":48,"column":61},"end":{"line":59,"column":2}},"20":{"start":{"line":49,"column":2},"end":{"line":58,"column":3}},"21":{"start":{"line":50,"column":22},"end":{"line":50,"column":42}},"22":{"start":{"line":51,"column":20},"end":{"line":51,"column":57}},"23":{"start":{"line":52,"column":4},"end":{"line":54,"column":5}},"24":{"start":{"line":53,"column":6},"end":{"line":53,"column":68}},"25":{"start":{"line":55,"column":4},"end":{"line":55,"column":34}},"26":{"start":{"line":57,"column":4},"end":{"line":57,"column":72}},"27":{"start":{"line":61,"column":30},"end":{"line":73,"column":2}},"28":{"start":{"line":61,"column":68},"end":{"line":73,"column":2}},"29":{"start":{"line":62,"column":2},"end":{"line":72,"column":3}},"30":{"start":{"line":63,"column":22},"end":{"line":63,"column":42}},"31":{"start":{"line":64,"column":21},"end":{"line":64,"column":58}},"32":{"start":{"line":65,"column":4},"end":{"line":67,"column":5}},"33":{"start":{"line":66,"column":6},"end":{"line":66,"column":68}},"34":{"start":{"line":69,"column":4},"end":{"line":69,"column":35}},"35":{"start":{"line":71,"column":4},"end":{"line":71,"column":72}},"36":{"start":{"line":75,"column":27},"end":{"line":86,"column":2}},"37":{"start":{"line":75,"column":65},"end":{"line":86,"column":2}},"38":{"start":{"line":76,"column":2},"end":{"line":85,"column":3}},"39":{"start":{"line":77,"column":19},"end":{"line":77,"column":36}},"40":{"start":{"line":78,"column":20},"end":{"line":78,"column":54}},"41":{"start":{"line":79,"column":4},"end":{"line":81,"column":5}},"42":{"start":{"line":80,"column":6},"end":{"line":80,"column":68}},"43":{"start":{"line":82,"column":4},"end":{"line":82,"column":34}},"44":{"start":{"line":84,"column":4},"end":{"line":84,"column":72}},"45":{"start":{"line":88,"column":26},"end":{"line":99,"column":2}},"46":{"start":{"line":88,"column":64},"end":{"line":99,"column":2}},"47":{"start":{"line":89,"column":2},"end":{"line":98,"column":3}},"48":{"start":{"line":90,"column":22},"end":{"line":90,"column":42}},"49":{"start":{"line":91,"column":20},"end":{"line":91,"column":74}},"50":{"start":{"line":92,"column":4},"end":{"line":94,"column":5}},"51":{"start":{"line":93,"column":6},"end":{"line":93,"column":68}},"52":{"start":{"line":95,"column":4},"end":{"line":95,"column":70}},"53":{"start":{"line":97,"column":4},"end":{"line":97,"column":73}},"54":{"start":{"line":102,"column":22},"end":{"line":136,"column":2}},"55":{"start":{"line":102,"column":60},"end":{"line":136,"column":2}},"56":{"start":{"line":103,"column":2},"end":{"line":135,"column":3}},"57":{"start":{"line":104,"column":22},"end":{"line":104,"column":42}},"58":{"start":{"line":105,"column":20},"end":{"line":105,"column":57}},"59":{"start":{"line":106,"column":4},"end":{"line":108,"column":5}},"60":{"start":{"line":107,"column":6},"end":{"line":107,"column":68}},"61":{"start":{"line":110,"column":73},"end":{"line":110,"column":81}},"62":{"start":{"line":112,"column":4},"end":{"line":114,"column":5}},"63":{"start":{"line":113,"column":6},"end":{"line":113,"column":62}},"64":{"start":{"line":115,"column":4},"end":{"line":117,"column":5}},"65":{"start":{"line":116,"column":6},"end":{"line":116,"column":58}},"66":{"start":{"line":118,"column":4},"end":{"line":120,"column":5}},"67":{"start":{"line":119,"column":6},"end":{"line":119,"column":36}},"68":{"start":{"line":121,"column":4},"end":{"line":123,"column":5}},"69":{"start":{"line":122,"column":6},"end":{"line":122,"column":32}},"70":{"start":{"line":124,"column":4},"end":{"line":126,"column":5}},"71":{"start":{"line":125,"column":6},"end":{"line":125,"column":44}},"72":{"start":{"line":127,"column":4},"end":{"line":129,"column":5}},"73":{"start":{"line":128,"column":6},"end":{"line":128,"column":30}},"74":{"start":{"line":131,"column":4},"end":{"line":131,"column":25}},"75":{"start":{"line":132,"column":4},"end":{"line":132,"column":70}},"76":{"start":{"line":134,"column":4},"end":{"line":134,"column":73}},"77":{"start":{"line":140,"column":0},"end":{"line":148,"column":2}}},"fnMap":{"0":{"name":"(anonymous_8)","decl":{"start":{"line":4,"column":20},"end":{"line":4,"column":27}},"loc":{"start":{"line":4,"column":58},"end":{"line":37,"column":2}}},"1":{"name":"(anonymous_9)","decl":{"start":{"line":4,"column":58},"end":{"line":4,"column":null}},"loc":{"start":{"line":4,"column":58},"end":{"line":37,"column":1}}},"2":{"name":"(anonymous_10)","decl":{"start":{"line":39,"column":23},"end":{"line":39,"column":30}},"loc":{"start":{"line":39,"column":61},"end":{"line":46,"column":2}}},"3":{"name":"(anonymous_11)","decl":{"start":{"line":39,"column":61},"end":{"line":39,"column":null}},"loc":{"start":{"line":39,"column":61},"end":{"line":46,"column":1}}},"4":{"name":"(anonymous_12)","decl":{"start":{"line":48,"column":23},"end":{"line":48,"column":30}},"loc":{"start":{"line":48,"column":61},"end":{"line":59,"column":2}}},"5":{"name":"(anonymous_13)","decl":{"start":{"line":48,"column":61},"end":{"line":48,"column":null}},"loc":{"start":{"line":48,"column":61},"end":{"line":59,"column":1}}},"6":{"name":"(anonymous_14)","decl":{"start":{"line":61,"column":30},"end":{"line":61,"column":37}},"loc":{"start":{"line":61,"column":68},"end":{"line":73,"column":2}}},"7":{"name":"(anonymous_15)","decl":{"start":{"line":61,"column":68},"end":{"line":61,"column":null}},"loc":{"start":{"line":61,"column":68},"end":{"line":73,"column":1}}},"8":{"name":"(anonymous_16)","decl":{"start":{"line":75,"column":27},"end":{"line":75,"column":34}},"loc":{"start":{"line":75,"column":65},"end":{"line":86,"column":2}}},"9":{"name":"(anonymous_17)","decl":{"start":{"line":75,"column":65},"end":{"line":75,"column":null}},"loc":{"start":{"line":75,"column":65},"end":{"line":86,"column":1}}},"10":{"name":"(anonymous_18)","decl":{"start":{"line":88,"column":26},"end":{"line":88,"column":33}},"loc":{"start":{"line":88,"column":64},"end":{"line":99,"column":2}}},"11":{"name":"(anonymous_19)","decl":{"start":{"line":88,"column":64},"end":{"line":88,"column":null}},"loc":{"start":{"line":88,"column":64},"end":{"line":99,"column":1}}},"12":{"name":"(anonymous_20)","decl":{"start":{"line":102,"column":22},"end":{"line":102,"column":29}},"loc":{"start":{"line":102,"column":60},"end":{"line":136,"column":2}}},"13":{"name":"(anonymous_21)","decl":{"start":{"line":102,"column":60},"end":{"line":102,"column":null}},"loc":{"start":{"line":102,"column":60},"end":{"line":136,"column":1}}}},"branchMap":{"0":{"loc":{"start":{"line":52,"column":4},"end":{"line":54,"column":5}},"type":"if","locations":[{"start":{"line":52,"column":4},"end":{"line":54,"column":5}}]},"1":{"loc":{"start":{"line":65,"column":4},"end":{"line":67,"column":5}},"type":"if","locations":[{"start":{"line":65,"column":4},"end":{"line":67,"column":5}}]},"2":{"loc":{"start":{"line":79,"column":4},"end":{"line":81,"column":5}},"type":"if","locations":[{"start":{"line":79,"column":4},"end":{"line":81,"column":5}}]},"3":{"loc":{"start":{"line":92,"column":4},"end":{"line":94,"column":5}},"type":"if","locations":[{"start":{"line":92,"column":4},"end":{"line":94,"column":5}}]},"4":{"loc":{"start":{"line":106,"column":4},"end":{"line":108,"column":5}},"type":"if","locations":[{"start":{"line":106,"column":4},"end":{"line":108,"column":5}}]},"5":{"loc":{"start":{"line":112,"column":4},"end":{"line":114,"column":5}},"type":"if","locations":[{"start":{"line":112,"column":4},"end":{"line":114,"column":5}}]},"6":{"loc":{"start":{"line":112,"column":8},"end":{"line":112,"column":25}},"type":"binary-expr","locations":[{"start":{"line":112,"column":8},"end":{"line":112,"column":17}},{"start":{"line":112,"column":21},"end":{"line":112,"column":25}}]},"7":{"loc":{"start":{"line":115,"column":4},"end":{"line":117,"column":5}},"type":"if","locations":[{"start":{"line":115,"column":4},"end":{"line":117,"column":5}}]},"8":{"loc":{"start":{"line":115,"column":8},"end":{"line":115,"column":23}},"type":"binary-expr","locations":[{"start":{"line":115,"column":8},"end":{"line":115,"column":15}},{"start":{"line":115,"column":19},"end":{"line":115,"column":23}}]},"9":{"loc":{"start":{"line":118,"column":4},"end":{"line":120,"column":5}},"type":"if","locations":[{"start":{"line":118,"column":4},"end":{"line":120,"column":5}}]},"10":{"loc":{"start":{"line":121,"column":4},"end":{"line":123,"column":5}},"type":"if","locations":[{"start":{"line":121,"column":4},"end":{"line":123,"column":5}}]},"11":{"loc":{"start":{"line":124,"column":4},"end":{"line":126,"column":5}},"type":"if","locations":[{"start":{"line":124,"column":4},"end":{"line":126,"column":5}}]},"12":{"loc":{"start":{"line":127,"column":4},"end":{"line":129,"column":5}},"type":"if","locations":[{"start":{"line":127,"column":4},"end":{"line":129,"column":5}}]}},"s":{"0":5,"1":5,"2":2,"3":2,"4":2,"5":2,"6":2,"7":2,"8":2,"9":2,"10":1,"11":1,"12":5,"13":2,"14":2,"15":2,"16":1,"17":1,"18":5,"19":3,"20":3,"21":3,"22":3,"23":2,"24":1,"25":1,"26":1,"27":5,"28":2,"29":2,"30":2,"31":2,"32":1,"33":0,"34":1,"35":1,"36":5,"37":5,"38":5,"39":5,"40":5,"41":4,"42":0,"43":4,"44":1,"45":5,"46":3,"47":3,"48":3,"49":3,"50":2,"51":1,"52":1,"53":1,"54":5,"55":1,"56":1,"57":1,"58":1,"59":1,"60":0,"61":1,"62":1,"63":1,"64":1,"65":1,"66":1,"67":1,"68":1,"69":1,"70":1,"71":1,"72":1,"73":1,"74":1,"75":1,"76":0,"77":5},"f":{"0":2,"1":2,"2":2,"3":2,"4":3,"5":3,"6":2,"7":2,"8":5,"9":5,"10":3,"11":3,"12":1,"13":1},"b":{"0":[1],"1":[0],"2":[0],"3":[1],"4":[0],"5":[1],"6":[1,1],"7":[1],"8":[1,1],"9":[1],"10":[1],"11":[1],"12":[1]}}
,"C:\\Users\\guter\\OneDrive\\שולחן העבודה\\final project 2025\\final version brfore submit\\chargingStation\\server\\src\\controllers\\car_data_controller.ts": {"path":"C:\\Users\\guter\\OneDrive\\שולחן העבודה\\final project 2025\\final version brfore submit\\chargingStation\\server\\src\\controllers\\car_data_controller.ts","statementMap":{"0":{"start":{"line":2,"column":0},"end":{"line":2,"column":52}},"1":{"start":{"line":3,"column":0},"end":{"line":3,"column":45}},"2":{"start":{"line":5,"column":19},"end":{"line":39,"column":2}},"3":{"start":{"line":5,"column":57},"end":{"line":39,"column":2}},"4":{"start":{"line":6,"column":23},"end":{"line":6,"column":31}},"5":{"start":{"line":8,"column":4},"end":{"line":10,"column":5}},"6":{"start":{"line":9,"column":6},"end":{"line":9,"column":70}},"7":{"start":{"line":12,"column":4},"end":{"line":38,"column":5}},"8":{"start":{"line":13,"column":19},"end":{"line":13,"column":51}},"9":{"start":{"line":14,"column":6},"end":{"line":16,"column":7}},"10":{"start":{"line":15,"column":8},"end":{"line":15,"column":67}},"11":{"start":{"line":17,"column":22},"end":{"line":17,"column":67}},"12":{"start":{"line":19,"column":6},"end":{"line":32,"column":7}},"13":{"start":{"line":20,"column":31},"end":{"line":29,"column":10}},"14":{"start":{"line":31,"column":8},"end":{"line":31,"column":54}},"15":{"start":{"line":34,"column":6},"end":{"line":34,"column":36}},"16":{"start":{"line":36,"column":6},"end":{"line":36,"column":55}},"17":{"start":{"line":37,"column":6},"end":{"line":37,"column":72}},"18":{"start":{"line":41,"column":22},"end":{"line":61,"column":2}},"19":{"start":{"line":41,"column":60},"end":{"line":61,"column":2}},"20":{"start":{"line":42,"column":23},"end":{"line":42,"column":31}},"21":{"start":{"line":44,"column":4},"end":{"line":46,"column":5}},"22":{"start":{"line":45,"column":6},"end":{"line":45,"column":70}},"23":{"start":{"line":48,"column":4},"end":{"line":60,"column":5}},"24":{"start":{"line":49,"column":19},"end":{"line":49,"column":51}},"25":{"start":{"line":50,"column":6},"end":{"line":52,"column":7}},"26":{"start":{"line":51,"column":8},"end":{"line":51,"column":67}},"27":{"start":{"line":54,"column":22},"end":{"line":54,"column":73}},"28":{"start":{"line":56,"column":6},"end":{"line":56,"column":36}},"29":{"start":{"line":58,"column":6},"end":{"line":58,"column":55}},"30":{"start":{"line":59,"column":6},"end":{"line":59,"column":72}},"31":{"start":{"line":65,"column":0},"end":{"line":65,"column":45}}},"fnMap":{"0":{"name":"(anonymous_8)","decl":{"start":{"line":5,"column":19},"end":{"line":5,"column":26}},"loc":{"start":{"line":5,"column":57},"end":{"line":39,"column":2}}},"1":{"name":"(anonymous_9)","decl":{"start":{"line":5,"column":57},"end":{"line":5,"column":null}},"loc":{"start":{"line":5,"column":57},"end":{"line":39,"column":1}}},"2":{"name":"(anonymous_10)","decl":{"start":{"line":41,"column":22},"end":{"line":41,"column":29}},"loc":{"start":{"line":41,"column":60},"end":{"line":61,"column":2}}},"3":{"name":"(anonymous_11)","decl":{"start":{"line":41,"column":60},"end":{"line":41,"column":null}},"loc":{"start":{"line":41,"column":60},"end":{"line":61,"column":1}}}},"branchMap":{"0":{"loc":{"start":{"line":8,"column":4},"end":{"line":10,"column":5}},"type":"if","locations":[{"start":{"line":8,"column":4},"end":{"line":10,"column":5}}]},"1":{"loc":{"start":{"line":14,"column":6},"end":{"line":16,"column":7}},"type":"if","locations":[{"start":{"line":14,"column":6},"end":{"line":16,"column":7}}]},"2":{"loc":{"start":{"line":19,"column":6},"end":{"line":32,"column":7}},"type":"if","locations":[{"start":{"line":19,"column":6},"end":{"line":32,"column":7}}]},"3":{"loc":{"start":{"line":19,"column":10},"end":{"line":19,"column":42}},"type":"binary-expr","locations":[{"start":{"line":19,"column":10},"end":{"line":19,"column":18}},{"start":{"line":19,"column":22},"end":{"line":19,"column":42}}]},"4":{"loc":{"start":{"line":44,"column":4},"end":{"line":46,"column":5}},"type":"if","locations":[{"start":{"line":44,"column":4},"end":{"line":46,"column":5}}]},"5":{"loc":{"start":{"line":50,"column":6},"end":{"line":52,"column":7}},"type":"if","locations":[{"start":{"line":50,"column":6},"end":{"line":52,"column":7}}]}},"s":{"0":5,"1":5,"2":5,"3":4,"4":4,"5":4,"6":1,"7":3,"8":3,"9":2,"10":1,"11":1,"12":1,"13":1,"14":1,"15":0,"16":1,"17":1,"18":5,"19":4,"20":4,"21":4,"22":1,"23":3,"24":3,"25":2,"26":1,"27":1,"28":1,"29":1,"30":1,"31":5},"f":{"0":4,"1":4,"2":4,"3":4},"b":{"0":[1],"1":[1],"2":[1],"3":[1,1],"4":[1],"5":[1]}}
,"C:\\Users\\guter\\OneDrive\\שולחן העבודה\\final project 2025\\final version brfore submit\\chargingStation\\server\\src\\controllers\\charger_controller.ts": {"path":"C:\\Users\\guter\\OneDrive\\שולחן העבודה\\final project 2025\\final version brfore submit\\chargingStation\\server\\src\\controllers\\charger_controller.ts","statementMap":{"0":{"start":{"line":2,"column":0},"end":{"line":2,"column":57}},"1":{"start":{"line":3,"column":0},"end":{"line":3,"column":57}},"2":{"start":{"line":4,"column":0},"end":{"line":4,"column":26}},"3":{"start":{"line":5,"column":0},"end":{"line":5,"column":20}},"4":{"start":{"line":6,"column":0},"end":{"line":6,"column":24}},"5":{"start":{"line":8,"column":23},"end":{"line":33,"column":2}},"6":{"start":{"line":8,"column":49},"end":{"line":33,"column":2}},"7":{"start":{"line":9,"column":17},"end":{"line":9,"column":45}},"8":{"start":{"line":10,"column":14},"end":{"line":12,"column":19}},"9":{"start":{"line":13,"column":2},"end":{"line":32,"column":3}},"10":{"start":{"line":14,"column":21},"end":{"line":14,"column":41}},"11":{"start":{"line":15,"column":17},"end":{"line":15,"column":null}},"12":{"start":{"line":19,"column":4},"end":{"line":28,"column":5}},"13":{"start":{"line":20,"column":23},"end":{"line":20,"column":51}},"14":{"start":{"line":21,"column":24},"end":{"line":21,"column":52}},"15":{"start":{"line":23,"column":6},"end":{"line":23,"column":55}},"16":{"start":{"line":24,"column":6},"end":{"line":24,"column":37}},"17":{"start":{"line":26,"column":6},"end":{"line":26,"column":63}},"18":{"start":{"line":27,"column":6},"end":{"line":27,"column":18}},"19":{"start":{"line":30,"column":4},"end":{"line":30,"column":56}},"20":{"start":{"line":31,"column":4},"end":{"line":31,"column":16}},"21":{"start":{"line":35,"column":27},"end":{"line":90,"column":2}},"22":{"start":{"line":35,"column":65},"end":{"line":90,"column":2}},"23":{"start":{"line":36,"column":2},"end":{"line":89,"column":3}},"24":{"start":{"line":37,"column":67},"end":{"line":37,"column":75}},"25":{"start":{"line":38,"column":22},"end":{"line":38,"column":30}},"26":{"start":{"line":41,"column":4},"end":{"line":54,"column":5}},"27":{"start":{"line":49,"column":6},"end":{"line":53,"column":11}},"28":{"start":{"line":57,"column":4},"end":{"line":61,"column":5}},"29":{"start":{"line":58,"column":6},"end":{"line":58,"column":83}},"30":{"start":{"line":60,"column":6},"end":{"line":60,"column":51}},"31":{"start":{"line":63,"column":4},"end":{"line":65,"column":5}},"32":{"start":{"line":64,"column":6},"end":{"line":64,"column":65}},"33":{"start":{"line":67,"column":36},"end":{"line":67,"column":47}},"34":{"start":{"line":69,"column":31},"end":{"line":78,"column":6}},"35":{"start":{"line":80,"column":4},"end":{"line":80,"column":36}},"36":{"start":{"line":82,"column":4},"end":{"line":85,"column":7}},"37":{"start":{"line":87,"column":4},"end":{"line":87,"column":57}},"38":{"start":{"line":88,"column":4},"end":{"line":88,"column":79}},"39":{"start":{"line":92,"column":23},"end":{"line":106,"column":2}},"40":{"start":{"line":92,"column":61},"end":{"line":106,"column":2}},"41":{"start":{"line":94,"column":2},"end":{"line":105,"column":3}},"42":{"start":{"line":95,"column":26},"end":{"line":95,"column":36}},"43":{"start":{"line":97,"column":28},"end":{"line":97,"column":67}},"44":{"start":{"line":98,"column":4},"end":{"line":100,"column":5}},"45":{"start":{"line":99,"column":6},"end":{"line":99,"column":77}},"46":{"start":{"line":102,"column":4},"end":{"line":102,"column":89}},"47":{"start":{"line":104,"column":4},"end":{"line":104,"column":75}},"48":{"start":{"line":108,"column":28},"end":{"line":123,"column":2}},"49":{"start":{"line":108,"column":66},"end":{"line":123,"column":2}},"50":{"start":{"line":109,"column":2},"end":{"line":122,"column":3}},"51":{"start":{"line":110,"column":23},"end":{"line":110,"column":33}},"52":{"start":{"line":112,"column":21},"end":{"line":112,"column":57}},"53":{"start":{"line":113,"column":4},"end":{"line":117,"column":5}},"54":{"start":{"line":114,"column":6},"end":{"line":116,"column":71}},"55":{"start":{"line":119,"column":4},"end":{"line":119,"column":39}},"56":{"start":{"line":121,"column":4},"end":{"line":121,"column":80}},"57":{"start":{"line":125,"column":23},"end":{"line":136,"column":2}},"58":{"start":{"line":125,"column":61},"end":{"line":136,"column":2}},"59":{"start":{"line":126,"column":2},"end":{"line":135,"column":3}},"60":{"start":{"line":127,"column":21},"end":{"line":127,"column":47}},"61":{"start":{"line":128,"column":4},"end":{"line":130,"column":5}},"62":{"start":{"line":129,"column":6},"end":{"line":129,"column":77}},"63":{"start":{"line":132,"column":4},"end":{"line":132,"column":39}},"64":{"start":{"line":134,"column":4},"end":{"line":134,"column":80}},"65":{"start":{"line":138,"column":22},"end":{"line":191,"column":2}},"66":{"start":{"line":138,"column":60},"end":{"line":191,"column":2}},"67":{"start":{"line":139,"column":2},"end":{"line":190,"column":3}},"68":{"start":{"line":140,"column":26},"end":{"line":140,"column":36}},"69":{"start":{"line":142,"column":28},"end":{"line":142,"column":67}},"70":{"start":{"line":143,"column":4},"end":{"line":145,"column":5}},"71":{"start":{"line":144,"column":6},"end":{"line":144,"column":77}},"72":{"start":{"line":147,"column":4},"end":{"line":156,"column":5}},"73":{"start":{"line":148,"column":26},"end":{"line":148,"column":65}},"74":{"start":{"line":149,"column":6},"end":{"line":155,"column":7}},"75":{"start":{"line":150,"column":8},"end":{"line":150,"column":56}},"76":{"start":{"line":151,"column":8},"end":{"line":151,"column":58}},"77":{"start":{"line":152,"column":8},"end":{"line":152,"column":53}},"78":{"start":{"line":154,"column":8},"end":{"line":154,"column":69}},"79":{"start":{"line":158,"column":4},"end":{"line":159,"column":59}},"80":{"start":{"line":159,"column":6},"end":{"line":159,"column":59}},"81":{"start":{"line":160,"column":4},"end":{"line":160,"column":63}},"82":{"start":{"line":160,"column":24},"end":{"line":160,"column":63}},"83":{"start":{"line":162,"column":4},"end":{"line":163,"column":57}},"84":{"start":{"line":163,"column":6},"end":{"line":163,"column":57}},"85":{"start":{"line":165,"column":4},"end":{"line":177,"column":5}},"86":{"start":{"line":166,"column":6},"end":{"line":174,"column":7}},"87":{"start":{"line":167,"column":36},"end":{"line":169,"column":null}},"88":{"start":{"line":171,"column":8},"end":{"line":173,"column":9}},"89":{"start":{"line":172,"column":10},"end":{"line":172,"column":45}},"90":{"start":{"line":176,"column":6},"end":{"line":176,"column":83}},"91":{"start":{"line":179,"column":4},"end":{"line":179,"column":33}},"92":{"start":{"line":181,"column":4},"end":{"line":184,"column":7}},"93":{"start":{"line":186,"column":4},"end":{"line":186,"column":61}},"94":{"start":{"line":187,"column":4},"end":{"line":189,"column":69}},"95":{"start":{"line":193,"column":26},"end":{"line":217,"column":2}},"96":{"start":{"line":193,"column":64},"end":{"line":217,"column":2}},"97":{"start":{"line":194,"column":2},"end":{"line":216,"column":3}},"98":{"start":{"line":195,"column":26},"end":{"line":195,"column":36}},"99":{"start":{"line":197,"column":20},"end":{"line":197,"column":59}},"100":{"start":{"line":198,"column":4},"end":{"line":200,"column":5}},"101":{"start":{"line":199,"column":6},"end":{"line":199,"column":77}},"102":{"start":{"line":203,"column":4},"end":{"line":208,"column":5}},"103":{"start":{"line":204,"column":36},"end":{"line":204,"column":84}},"104":{"start":{"line":205,"column":8},"end":{"line":207,"column":9}},"105":{"start":{"line":206,"column":10},"end":{"line":206,"column":45}},"106":{"start":{"line":209,"column":4},"end":{"line":209,"column":53}},"107":{"start":{"line":211,"column":4},"end":{"line":211,"column":48}},"108":{"start":{"line":213,"column":4},"end":{"line":213,"column":70}},"109":{"start":{"line":215,"column":4},"end":{"line":215,"column":73}},"110":{"start":{"line":220,"column":27},"end":{"line":238,"column":2}},"111":{"start":{"line":220,"column":65},"end":{"line":238,"column":2}},"112":{"start":{"line":221,"column":2},"end":{"line":237,"column":3}},"113":{"start":{"line":222,"column":26},"end":{"line":222,"column":36}},"114":{"start":{"line":224,"column":28},"end":{"line":224,"column":67}},"115":{"start":{"line":225,"column":4},"end":{"line":227,"column":5}},"116":{"start":{"line":226,"column":6},"end":{"line":226,"column":77}},"117":{"start":{"line":229,"column":17},"end":{"line":229,"column":39}},"118":{"start":{"line":230,"column":4},"end":{"line":232,"column":5}},"119":{"start":{"line":231,"column":6},"end":{"line":231,"column":65}},"120":{"start":{"line":234,"column":4},"end":{"line":234,"column":35}},"121":{"start":{"line":236,"column":4},"end":{"line":236,"column":67}},"122":{"start":{"line":240,"column":33},"end":{"line":298,"column":2}},"123":{"start":{"line":240,"column":71},"end":{"line":298,"column":2}},"124":{"start":{"line":241,"column":28},"end":{"line":241,"column":36}},"125":{"start":{"line":242,"column":17},"end":{"line":242,"column":32}},"126":{"start":{"line":243,"column":20},"end":{"line":243,"column":38}},"127":{"start":{"line":245,"column":2},"end":{"line":297,"column":3}},"128":{"start":{"line":246,"column":20},"end":{"line":246,"column":59}},"129":{"start":{"line":247,"column":4},"end":{"line":249,"column":5}},"130":{"start":{"line":248,"column":6},"end":{"line":248,"column":68}},"131":{"start":{"line":251,"column":4},"end":{"line":251,"column":39}},"132":{"start":{"line":252,"column":4},"end":{"line":252,"column":45}},"133":{"start":{"line":254,"column":4},"end":{"line":271,"column":5}},"134":{"start":{"line":255,"column":6},"end":{"line":270,"column":7}},"135":{"start":{"line":256,"column":8},"end":{"line":256,"column":24}},"136":{"start":{"line":257,"column":8},"end":{"line":259,"column":10}},"137":{"start":{"line":258,"column":18},"end":{"line":258,"column":36}},"138":{"start":{"line":261,"column":8},"end":{"line":261,"column":24}},"139":{"start":{"line":262,"column":8},"end":{"line":262,"column":40}},"140":{"start":{"line":264,"column":8},"end":{"line":269,"column":9}},"141":{"start":{"line":265,"column":10},"end":{"line":265,"column":29}},"142":{"start":{"line":266,"column":10},"end":{"line":268,"column":12}},"143":{"start":{"line":267,"column":20},"end":{"line":267,"column":38}},"144":{"start":{"line":273,"column":4},"end":{"line":290,"column":5}},"145":{"start":{"line":274,"column":6},"end":{"line":289,"column":7}},"146":{"start":{"line":275,"column":8},"end":{"line":275,"column":27}},"147":{"start":{"line":276,"column":8},"end":{"line":278,"column":10}},"148":{"start":{"line":277,"column":18},"end":{"line":277,"column":36}},"149":{"start":{"line":280,"column":8},"end":{"line":280,"column":27}},"150":{"start":{"line":281,"column":8},"end":{"line":281,"column":43}},"151":{"start":{"line":283,"column":8},"end":{"line":288,"column":9}},"152":{"start":{"line":284,"column":10},"end":{"line":284,"column":26}},"153":{"start":{"line":285,"column":10},"end":{"line":287,"column":12}},"154":{"start":{"line":286,"column":20},"end":{"line":286,"column":38}},"155":{"start":{"line":292,"column":4},"end":{"line":292,"column":25}},"156":{"start":{"line":294,"column":4},"end":{"line":294,"column":22}},"157":{"start":{"line":296,"column":4},"end":{"line":296,"column":54}},"158":{"start":{"line":300,"column":0},"end":{"line":309,"column":2}}},"fnMap":{"0":{"name":"(anonymous_8)","decl":{"start":{"line":8,"column":23},"end":{"line":8,"column":30}},"loc":{"start":{"line":8,"column":49},"end":{"line":33,"column":2}}},"1":{"name":"(anonymous_9)","decl":{"start":{"line":8,"column":49},"end":{"line":8,"column":null}},"loc":{"start":{"line":8,"column":49},"end":{"line":33,"column":1}}},"2":{"name":"(anonymous_10)","decl":{"start":{"line":35,"column":27},"end":{"line":35,"column":34}},"loc":{"start":{"line":35,"column":65},"end":{"line":90,"column":2}}},"3":{"name":"(anonymous_11)","decl":{"start":{"line":35,"column":65},"end":{"line":35,"column":null}},"loc":{"start":{"line":35,"column":65},"end":{"line":90,"column":1}}},"4":{"name":"(anonymous_12)","decl":{"start":{"line":92,"column":23},"end":{"line":92,"column":30}},"loc":{"start":{"line":92,"column":61},"end":{"line":106,"column":2}}},"5":{"name":"(anonymous_13)","decl":{"start":{"line":92,"column":61},"end":{"line":92,"column":null}},"loc":{"start":{"line":92,"column":61},"end":{"line":106,"column":1}}},"6":{"name":"(anonymous_14)","decl":{"start":{"line":108,"column":28},"end":{"line":108,"column":35}},"loc":{"start":{"line":108,"column":66},"end":{"line":123,"column":2}}},"7":{"name":"(anonymous_15)","decl":{"start":{"line":108,"column":66},"end":{"line":108,"column":null}},"loc":{"start":{"line":108,"column":66},"end":{"line":123,"column":1}}},"8":{"name":"(anonymous_16)","decl":{"start":{"line":125,"column":23},"end":{"line":125,"column":30}},"loc":{"start":{"line":125,"column":61},"end":{"line":136,"column":2}}},"9":{"name":"(anonymous_17)","decl":{"start":{"line":125,"column":61},"end":{"line":125,"column":null}},"loc":{"start":{"line":125,"column":61},"end":{"line":136,"column":1}}},"10":{"name":"(anonymous_18)","decl":{"start":{"line":138,"column":22},"end":{"line":138,"column":29}},"loc":{"start":{"line":138,"column":60},"end":{"line":191,"column":2}}},"11":{"name":"(anonymous_19)","decl":{"start":{"line":138,"column":60},"end":{"line":138,"column":null}},"loc":{"start":{"line":138,"column":60},"end":{"line":191,"column":1}}},"12":{"name":"(anonymous_20)","decl":{"start":{"line":193,"column":26},"end":{"line":193,"column":33}},"loc":{"start":{"line":193,"column":64},"end":{"line":217,"column":2}}},"13":{"name":"(anonymous_21)","decl":{"start":{"line":193,"column":64},"end":{"line":193,"column":null}},"loc":{"start":{"line":193,"column":64},"end":{"line":217,"column":1}}},"14":{"name":"(anonymous_22)","decl":{"start":{"line":220,"column":27},"end":{"line":220,"column":34}},"loc":{"start":{"line":220,"column":65},"end":{"line":238,"column":2}}},"15":{"name":"(anonymous_23)","decl":{"start":{"line":220,"column":65},"end":{"line":220,"column":null}},"loc":{"start":{"line":220,"column":65},"end":{"line":238,"column":1}}},"16":{"name":"(anonymous_24)","decl":{"start":{"line":240,"column":33},"end":{"line":240,"column":40}},"loc":{"start":{"line":240,"column":71},"end":{"line":298,"column":2}}},"17":{"name":"(anonymous_25)","decl":{"start":{"line":240,"column":71},"end":{"line":240,"column":null}},"loc":{"start":{"line":240,"column":71},"end":{"line":298,"column":1}}},"18":{"name":"(anonymous_26)","decl":{"start":{"line":258,"column":10},"end":{"line":258,"column":11}},"loc":{"start":{"line":258,"column":18},"end":{"line":258,"column":36}}},"19":{"name":"(anonymous_27)","decl":{"start":{"line":267,"column":12},"end":{"line":267,"column":13}},"loc":{"start":{"line":267,"column":20},"end":{"line":267,"column":38}}},"20":{"name":"(anonymous_28)","decl":{"start":{"line":277,"column":10},"end":{"line":277,"column":11}},"loc":{"start":{"line":277,"column":18},"end":{"line":277,"column":36}}},"21":{"name":"(anonymous_29)","decl":{"start":{"line":286,"column":12},"end":{"line":286,"column":13}},"loc":{"start":{"line":286,"column":20},"end":{"line":286,"column":38}}}},"branchMap":{"0":{"loc":{"start":{"line":19,"column":4},"end":{"line":28,"column":5}},"type":"if","locations":[{"start":{"line":19,"column":4},"end":{"line":28,"column":5}},{"start":{"line":25,"column":11},"end":{"line":28,"column":5}}]},"1":{"loc":{"start":{"line":41,"column":4},"end":{"line":54,"column":5}},"type":"if","locations":[{"start":{"line":41,"column":4},"end":{"line":54,"column":5}}]},"2":{"loc":{"start":{"line":42,"column":6},"end":{"line":47,"column":16}},"type":"binary-expr","locations":[{"start":{"line":42,"column":6},"end":{"line":42,"column":13}},{"start":{"line":43,"column":6},"end":{"line":43,"column":15}},{"start":{"line":44,"column":6},"end":{"line":44,"column":19}},{"start":{"line":45,"column":6},"end":{"line":45,"column":12}},{"start":{"line":46,"column":6},"end":{"line":46,"column":18}},{"start":{"line":47,"column":6},"end":{"line":47,"column":16}}]},"3":{"loc":{"start":{"line":57,"column":4},"end":{"line":61,"column":5}},"type":"if","locations":[{"start":{"line":57,"column":4},"end":{"line":61,"column":5}},{"start":{"line":59,"column":11},"end":{"line":61,"column":5}}]},"4":{"loc":{"start":{"line":63,"column":4},"end":{"line":65,"column":5}},"type":"if","locations":[{"start":{"line":63,"column":4},"end":{"line":65,"column":5}}]},"5":{"loc":{"start":{"line":98,"column":4},"end":{"line":100,"column":5}},"type":"if","locations":[{"start":{"line":98,"column":4},"end":{"line":100,"column":5}}]},"6":{"loc":{"start":{"line":113,"column":4},"end":{"line":117,"column":5}},"type":"if","locations":[{"start":{"line":113,"column":4},"end":{"line":117,"column":5}}]},"7":{"loc":{"start":{"line":113,"column":8},"end":{"line":113,"column":41}},"type":"binary-expr","locations":[{"start":{"line":113,"column":8},"end":{"line":113,"column":17}},{"start":{"line":113,"column":21},"end":{"line":113,"column":41}}]},"8":{"loc":{"start":{"line":128,"column":4},"end":{"line":130,"column":5}},"type":"if","locations":[{"start":{"line":128,"column":4},"end":{"line":130,"column":5}}]},"9":{"loc":{"start":{"line":128,"column":8},"end":{"line":128,"column":41}},"type":"binary-expr","locations":[{"start":{"line":128,"column":8},"end":{"line":128,"column":17}},{"start":{"line":128,"column":21},"end":{"line":128,"column":41}}]},"10":{"loc":{"start":{"line":143,"column":4},"end":{"line":145,"column":5}},"type":"if","locations":[{"start":{"line":143,"column":4},"end":{"line":145,"column":5}}]},"11":{"loc":{"start":{"line":147,"column":4},"end":{"line":156,"column":5}},"type":"if","locations":[{"start":{"line":147,"column":4},"end":{"line":156,"column":5}}]},"12":{"loc":{"start":{"line":147,"column":8},"end":{"line":147,"column":75}},"type":"binary-expr","locations":[{"start":{"line":147,"column":8},"end":{"line":147,"column":25}},{"start":{"line":147,"column":29},"end":{"line":147,"column":75}}]},"13":{"loc":{"start":{"line":149,"column":6},"end":{"line":155,"column":7}},"type":"if","locations":[{"start":{"line":149,"column":6},"end":{"line":155,"column":7}},{"start":{"line":153,"column":13},"end":{"line":155,"column":7}}]},"14":{"loc":{"start":{"line":158,"column":4},"end":{"line":159,"column":59}},"type":"if","locations":[{"start":{"line":158,"column":4},"end":{"line":159,"column":59}}]},"15":{"loc":{"start":{"line":160,"column":4},"end":{"line":160,"column":63}},"type":"if","locations":[{"start":{"line":160,"column":4},"end":{"line":160,"column":63}}]},"16":{"loc":{"start":{"line":162,"column":4},"end":{"line":163,"column":57}},"type":"if","locations":[{"start":{"line":162,"column":4},"end":{"line":163,"column":57}}]},"17":{"loc":{"start":{"line":165,"column":4},"end":{"line":177,"column":5}},"type":"if","locations":[{"start":{"line":165,"column":4},"end":{"line":177,"column":5}}]},"18":{"loc":{"start":{"line":166,"column":6},"end":{"line":174,"column":7}},"type":"if","locations":[{"start":{"line":166,"column":6},"end":{"line":174,"column":7}}]},"19":{"loc":{"start":{"line":171,"column":8},"end":{"line":173,"column":9}},"type":"if","locations":[{"start":{"line":171,"column":8},"end":{"line":173,"column":9}}]},"20":{"loc":{"start":{"line":198,"column":4},"end":{"line":200,"column":5}},"type":"if","locations":[{"start":{"line":198,"column":4},"end":{"line":200,"column":5}}]},"21":{"loc":{"start":{"line":203,"column":4},"end":{"line":208,"column":5}},"type":"if","locations":[{"start":{"line":203,"column":4},"end":{"line":208,"column":5}}]},"22":{"loc":{"start":{"line":205,"column":8},"end":{"line":207,"column":9}},"type":"if","locations":[{"start":{"line":205,"column":8},"end":{"line":207,"column":9}}]},"23":{"loc":{"start":{"line":225,"column":4},"end":{"line":227,"column":5}},"type":"if","locations":[{"start":{"line":225,"column":4},"end":{"line":227,"column":5}}]},"24":{"loc":{"start":{"line":230,"column":4},"end":{"line":232,"column":5}},"type":"if","locations":[{"start":{"line":230,"column":4},"end":{"line":232,"column":5}}]},"25":{"loc":{"start":{"line":247,"column":4},"end":{"line":249,"column":5}},"type":"if","locations":[{"start":{"line":247,"column":4},"end":{"line":249,"column":5}}]},"26":{"loc":{"start":{"line":251,"column":20},"end":{"line":251,"column":38}},"type":"cond-expr","locations":[{"start":{"line":251,"column":33},"end":{"line":251,"column":37}},{"start":{"line":251,"column":37},"end":{"line":251,"column":38}}]},"27":{"loc":{"start":{"line":251,"column":20},"end":{"line":251,"column":37}},"type":"binary-expr","locations":[{"start":{"line":251,"column":20},"end":{"line":251,"column":37}},{"start":{"line":251,"column":33},"end":{"line":251,"column":37}}]},"28":{"loc":{"start":{"line":252,"column":23},"end":{"line":252,"column":44}},"type":"cond-expr","locations":[{"start":{"line":252,"column":39},"end":{"line":252,"column":43}},{"start":{"line":252,"column":43},"end":{"line":252,"column":44}}]},"29":{"loc":{"start":{"line":252,"column":23},"end":{"line":252,"column":43}},"type":"binary-expr","locations":[{"start":{"line":252,"column":23},"end":{"line":252,"column":43}},{"start":{"line":252,"column":39},"end":{"line":252,"column":43}}]},"30":{"loc":{"start":{"line":254,"column":4},"end":{"line":271,"column":5}},"type":"if","locations":[{"start":{"line":254,"column":4},"end":{"line":271,"column":5}}]},"31":{"loc":{"start":{"line":255,"column":6},"end":{"line":270,"column":7}},"type":"if","locations":[{"start":{"line":255,"column":6},"end":{"line":270,"column":7}},{"start":{"line":260,"column":13},"end":{"line":270,"column":7}}]},"32":{"loc":{"start":{"line":264,"column":8},"end":{"line":269,"column":9}},"type":"if","locations":[{"start":{"line":264,"column":8},"end":{"line":269,"column":9}}]},"33":{"loc":{"start":{"line":273,"column":4},"end":{"line":290,"column":5}},"type":"if","locations":[{"start":{"line":273,"column":4},"end":{"line":290,"column":5}}]},"34":{"loc":{"start":{"line":274,"column":6},"end":{"line":289,"column":7}},"type":"if","locations":[{"start":{"line":274,"column":6},"end":{"line":289,"column":7}},{"start":{"line":279,"column":13},"end":{"line":289,"column":7}}]},"35":{"loc":{"start":{"line":283,"column":8},"end":{"line":288,"column":9}},"type":"if","locations":[{"start":{"line":283,"column":8},"end":{"line":288,"column":9}}]}},"s":{"0":5,"1":5,"2":5,"3":5,"4":5,"5":5,"6":0,"7":0,"8":0,"9":0,"10":0,"11":0,"12":0,"13":0,"14":0,"15":0,"16":0,"17":0,"18":0,"19":0,"20":0,"21":5,"22":4,"23":4,"24":4,"25":4,"26":4,"27":1,"28":3,"29":3,"30":0,"31":3,"32":0,"33":3,"34":3,"35":3,"36":3,"37":0,"38":0,"39":5,"40":3,"41":3,"42":3,"43":3,"44":2,"45":1,"46":1,"47":1,"48":5,"49":3,"50":3,"51":3,"52":3,"53":2,"54":1,"55":1,"56":1,"57":5,"58":3,"59":3,"60":3,"61":2,"62":1,"63":1,"64":1,"65":5,"66":3,"67":3,"68":3,"69":3,"70":2,"71":1,"72":1,"73":0,"74":0,"75":0,"76":0,"77":0,"78":0,"79":1,"80":1,"81":1,"82":1,"83":1,"84":1,"85":1,"86":0,"87":0,"88":0,"89":0,"90":0,"91":1,"92":1,"93":1,"94":1,"95":5,"96":4,"97":4,"98":4,"99":4,"100":3,"101":1,"102":2,"103":2,"104":2,"105":2,"106":2,"107":2,"108":2,"109":1,"110":5,"111":5,"112":5,"113":5,"114":5,"115":3,"116":1,"117":2,"118":2,"119":1,"120":1,"121":2,"122":5,"123":9,"124":9,"125":9,"126":9,"127":9,"128":9,"129":8,"130":1,"131":7,"132":7,"133":7,"134":3,"135":1,"136":1,"137":1,"138":2,"139":2,"140":2,"141":1,"142":1,"143":1,"144":7,"145":4,"146":1,"147":1,"148":1,"149":3,"150":3,"151":3,"152":1,"153":1,"154":1,"155":7,"156":7,"157":1,"158":5},"f":{"0":0,"1":0,"2":4,"3":4,"4":3,"5":3,"6":3,"7":3,"8":3,"9":3,"10":3,"11":3,"12":4,"13":4,"14":5,"15":5,"16":9,"17":9,"18":1,"19":1,"20":1,"21":1},"b":{"0":[0,0],"1":[1],"2":[4,3,3,3,3,3],"3":[3,0],"4":[0],"5":[1],"6":[1],"7":[2,2],"8":[1],"9":[2,2],"10":[1],"11":[0],"12":[1,0],"13":[0,0],"14":[1],"15":[1],"16":[1],"17":[0],"18":[0],"19":[0],"20":[1],"21":[2],"22":[2],"23":[1],"24":[1],"25":[1],"26":[7,0],"27":[7,7],"28":[7,0],"29":[7,7],"30":[3],"31":[1,2],"32":[1],"33":[4],"34":[1,3],"35":[1]}}
,"C:\\Users\\guter\\OneDrive\\שולחן העבודה\\final project 2025\\final version brfore submit\\chargingStation\\server\\src\\controllers\\commentsOnCharger_controller.ts": {"path":"C:\\Users\\guter\\OneDrive\\שולחן העבודה\\final project 2025\\final version brfore submit\\chargingStation\\server\\src\\controllers\\commentsOnCharger_controller.ts","statementMap":{"0":{"start":{"line":2,"column":0},"end":{"line":2,"column":57}},"1":{"start":{"line":3,"column":0},"end":{"line":3,"column":57}},"2":{"start":{"line":5,"column":19},"end":{"line":34,"column":2}},"3":{"start":{"line":5,"column":57},"end":{"line":34,"column":2}},"4":{"start":{"line":6,"column":63},"end":{"line":6,"column":71}},"5":{"start":{"line":8,"column":2},"end":{"line":10,"column":3}},"6":{"start":{"line":9,"column":4},"end":{"line":9,"column":72}},"7":{"start":{"line":12,"column":2},"end":{"line":33,"column":3}},"8":{"start":{"line":13,"column":20},"end":{"line":13,"column":59}},"9":{"start":{"line":15,"column":4},"end":{"line":17,"column":5}},"10":{"start":{"line":16,"column":6},"end":{"line":16,"column":68}},"11":{"start":{"line":19,"column":23},"end":{"line":25,"column":6}},"12":{"start":{"line":26,"column":4},"end":{"line":26,"column":38}},"13":{"start":{"line":28,"column":4},"end":{"line":28,"column":25}},"14":{"start":{"line":29,"column":4},"end":{"line":29,"column":37}},"15":{"start":{"line":31,"column":4},"end":{"line":31,"column":25}},"16":{"start":{"line":32,"column":4},"end":{"line":32,"column":63}},"17":{"start":{"line":36,"column":23},"end":{"line":54,"column":2}},"18":{"start":{"line":36,"column":61},"end":{"line":54,"column":2}},"19":{"start":{"line":37,"column":4},"end":{"line":53,"column":5}},"20":{"start":{"line":38,"column":41},"end":{"line":38,"column":51}},"21":{"start":{"line":40,"column":32},"end":{"line":40,"column":71}},"22":{"start":{"line":41,"column":8},"end":{"line":43,"column":9}},"23":{"start":{"line":42,"column":12},"end":{"line":42,"column":83}},"24":{"start":{"line":45,"column":24},"end":{"line":45,"column":62}},"25":{"start":{"line":46,"column":8},"end":{"line":48,"column":9}},"26":{"start":{"line":47,"column":12},"end":{"line":47,"column":74}},"27":{"start":{"line":50,"column":8},"end":{"line":50,"column":85}},"28":{"start":{"line":52,"column":8},"end":{"line":52,"column":79}},"29":{"start":{"line":57,"column":22},"end":{"line":80,"column":2}},"30":{"start":{"line":57,"column":60},"end":{"line":80,"column":2}},"31":{"start":{"line":59,"column":4},"end":{"line":79,"column":5}},"32":{"start":{"line":60,"column":41},"end":{"line":60,"column":51}},"33":{"start":{"line":61,"column":25},"end":{"line":61,"column":33}},"34":{"start":{"line":63,"column":32},"end":{"line":63,"column":71}},"35":{"start":{"line":64,"column":8},"end":{"line":66,"column":9}},"36":{"start":{"line":65,"column":12},"end":{"line":65,"column":83}},"37":{"start":{"line":68,"column":24},"end":{"line":68,"column":62}},"38":{"start":{"line":69,"column":8},"end":{"line":71,"column":9}},"39":{"start":{"line":70,"column":12},"end":{"line":70,"column":74}},"40":{"start":{"line":73,"column":8},"end":{"line":73,"column":28}},"41":{"start":{"line":74,"column":8},"end":{"line":74,"column":37}},"42":{"start":{"line":76,"column":8},"end":{"line":76,"column":91}},"43":{"start":{"line":78,"column":8},"end":{"line":78,"column":77}},"44":{"start":{"line":82,"column":26},"end":{"line":103,"column":2}},"45":{"start":{"line":82,"column":64},"end":{"line":103,"column":2}},"46":{"start":{"line":83,"column":4},"end":{"line":102,"column":5}},"47":{"start":{"line":84,"column":41},"end":{"line":84,"column":51}},"48":{"start":{"line":86,"column":32},"end":{"line":86,"column":71}},"49":{"start":{"line":87,"column":8},"end":{"line":89,"column":9}},"50":{"start":{"line":88,"column":12},"end":{"line":88,"column":83}},"51":{"start":{"line":91,"column":24},"end":{"line":91,"column":62}},"52":{"start":{"line":92,"column":8},"end":{"line":94,"column":9}},"53":{"start":{"line":93,"column":12},"end":{"line":93,"column":74}},"54":{"start":{"line":96,"column":8},"end":{"line":96,"column":28}},"55":{"start":{"line":97,"column":8},"end":{"line":97,"column":37}},"56":{"start":{"line":99,"column":8},"end":{"line":99,"column":91}},"57":{"start":{"line":101,"column":8},"end":{"line":101,"column":77}},"58":{"start":{"line":105,"column":31},"end":{"line":118,"column":2}},"59":{"start":{"line":105,"column":69},"end":{"line":118,"column":2}},"60":{"start":{"line":106,"column":4},"end":{"line":117,"column":5}},"61":{"start":{"line":107,"column":30},"end":{"line":107,"column":40}},"62":{"start":{"line":109,"column":32},"end":{"line":109,"column":71}},"63":{"start":{"line":110,"column":8},"end":{"line":112,"column":9}},"64":{"start":{"line":111,"column":12},"end":{"line":111,"column":83}},"65":{"start":{"line":114,"column":8},"end":{"line":114,"column":113}},"66":{"start":{"line":116,"column":8},"end":{"line":116,"column":80}},"67":{"start":{"line":122,"column":33},"end":{"line":176,"column":2}},"68":{"start":{"line":122,"column":71},"end":{"line":176,"column":2}},"69":{"start":{"line":123,"column":30},"end":{"line":123,"column":38}},"70":{"start":{"line":124,"column":19},"end":{"line":124,"column":34}},"71":{"start":{"line":126,"column":4},"end":{"line":175,"column":5}},"72":{"start":{"line":127,"column":24},"end":{"line":127,"column":72}},"73":{"start":{"line":128,"column":24},"end":{"line":128,"column":99}},"74":{"start":{"line":128,"column":60},"end":{"line":128,"column":98}},"75":{"start":{"line":130,"column":8},"end":{"line":132,"column":9}},"76":{"start":{"line":131,"column":12},"end":{"line":131,"column":74}},"77":{"start":{"line":134,"column":8},"end":{"line":134,"column":43}},"78":{"start":{"line":135,"column":8},"end":{"line":135,"column":49}},"79":{"start":{"line":137,"column":8},"end":{"line":150,"column":9}},"80":{"start":{"line":138,"column":12},"end":{"line":149,"column":13}},"81":{"start":{"line":139,"column":16},"end":{"line":139,"column":32}},"82":{"start":{"line":140,"column":16},"end":{"line":140,"column":91}},"83":{"start":{"line":140,"column":71},"end":{"line":140,"column":89}},"84":{"start":{"line":142,"column":16},"end":{"line":142,"column":32}},"85":{"start":{"line":143,"column":16},"end":{"line":143,"column":48}},"86":{"start":{"line":145,"column":16},"end":{"line":148,"column":17}},"87":{"start":{"line":146,"column":20},"end":{"line":146,"column":39}},"88":{"start":{"line":147,"column":20},"end":{"line":147,"column":101}},"89":{"start":{"line":147,"column":81},"end":{"line":147,"column":99}},"90":{"start":{"line":152,"column":8},"end":{"line":165,"column":9}},"91":{"start":{"line":153,"column":12},"end":{"line":164,"column":13}},"92":{"start":{"line":154,"column":16},"end":{"line":154,"column":35}},"93":{"start":{"line":155,"column":16},"end":{"line":155,"column":97}},"94":{"start":{"line":155,"column":77},"end":{"line":155,"column":95}},"95":{"start":{"line":157,"column":16},"end":{"line":157,"column":35}},"96":{"start":{"line":158,"column":16},"end":{"line":158,"column":51}},"97":{"start":{"line":160,"column":16},"end":{"line":163,"column":17}},"98":{"start":{"line":161,"column":20},"end":{"line":161,"column":36}},"99":{"start":{"line":162,"column":20},"end":{"line":162,"column":95}},"100":{"start":{"line":162,"column":75},"end":{"line":162,"column":93}},"101":{"start":{"line":167,"column":8},"end":{"line":170,"column":9}},"102":{"start":{"line":168,"column":12},"end":{"line":168,"column":33}},"103":{"start":{"line":169,"column":12},"end":{"line":169,"column":30}},"104":{"start":{"line":173,"column":8},"end":{"line":173,"column":29}},"105":{"start":{"line":174,"column":8},"end":{"line":174,"column":45}},"106":{"start":{"line":182,"column":0},"end":{"line":183,"column":71}}},"fnMap":{"0":{"name":"(anonymous_8)","decl":{"start":{"line":5,"column":19},"end":{"line":5,"column":26}},"loc":{"start":{"line":5,"column":57},"end":{"line":34,"column":2}}},"1":{"name":"(anonymous_9)","decl":{"start":{"line":5,"column":57},"end":{"line":5,"column":null}},"loc":{"start":{"line":5,"column":57},"end":{"line":34,"column":1}}},"2":{"name":"(anonymous_10)","decl":{"start":{"line":36,"column":23},"end":{"line":36,"column":30}},"loc":{"start":{"line":36,"column":61},"end":{"line":54,"column":2}}},"3":{"name":"(anonymous_11)","decl":{"start":{"line":36,"column":61},"end":{"line":36,"column":null}},"loc":{"start":{"line":36,"column":61},"end":{"line":54,"column":1}}},"4":{"name":"(anonymous_12)","decl":{"start":{"line":57,"column":22},"end":{"line":57,"column":29}},"loc":{"start":{"line":57,"column":60},"end":{"line":80,"column":2}}},"5":{"name":"(anonymous_13)","decl":{"start":{"line":57,"column":60},"end":{"line":57,"column":null}},"loc":{"start":{"line":57,"column":60},"end":{"line":80,"column":1}}},"6":{"name":"(anonymous_14)","decl":{"start":{"line":82,"column":26},"end":{"line":82,"column":33}},"loc":{"start":{"line":82,"column":64},"end":{"line":103,"column":2}}},"7":{"name":"(anonymous_15)","decl":{"start":{"line":82,"column":64},"end":{"line":82,"column":null}},"loc":{"start":{"line":82,"column":64},"end":{"line":103,"column":1}}},"8":{"name":"(anonymous_16)","decl":{"start":{"line":105,"column":31},"end":{"line":105,"column":38}},"loc":{"start":{"line":105,"column":69},"end":{"line":118,"column":2}}},"9":{"name":"(anonymous_17)","decl":{"start":{"line":105,"column":69},"end":{"line":105,"column":null}},"loc":{"start":{"line":105,"column":69},"end":{"line":118,"column":1}}},"10":{"name":"(anonymous_18)","decl":{"start":{"line":122,"column":33},"end":{"line":122,"column":40}},"loc":{"start":{"line":122,"column":71},"end":{"line":176,"column":2}}},"11":{"name":"(anonymous_19)","decl":{"start":{"line":122,"column":71},"end":{"line":122,"column":null}},"loc":{"start":{"line":122,"column":71},"end":{"line":176,"column":1}}},"12":{"name":"(anonymous_20)","decl":{"start":{"line":128,"column":47},"end":{"line":128,"column":48}},"loc":{"start":{"line":128,"column":60},"end":{"line":128,"column":98}}},"13":{"name":"(anonymous_21)","decl":{"start":{"line":140,"column":63},"end":{"line":140,"column":64}},"loc":{"start":{"line":140,"column":71},"end":{"line":140,"column":89}}},"14":{"name":"(anonymous_22)","decl":{"start":{"line":147,"column":73},"end":{"line":147,"column":74}},"loc":{"start":{"line":147,"column":81},"end":{"line":147,"column":99}}},"15":{"name":"(anonymous_23)","decl":{"start":{"line":155,"column":69},"end":{"line":155,"column":70}},"loc":{"start":{"line":155,"column":77},"end":{"line":155,"column":95}}},"16":{"name":"(anonymous_24)","decl":{"start":{"line":162,"column":67},"end":{"line":162,"column":68}},"loc":{"start":{"line":162,"column":75},"end":{"line":162,"column":93}}}},"branchMap":{"0":{"loc":{"start":{"line":6,"column":37},"end":{"line":6,"column":46}},"type":"default-arg","locations":[{"start":{"line":6,"column":45},"end":{"line":6,"column":46}}]},"1":{"loc":{"start":{"line":6,"column":48},"end":{"line":6,"column":58}},"type":"default-arg","locations":[{"start":{"line":6,"column":57},"end":{"line":6,"column":58}}]},"2":{"loc":{"start":{"line":8,"column":2},"end":{"line":10,"column":3}},"type":"if","locations":[{"start":{"line":8,"column":2},"end":{"line":10,"column":3}}]},"3":{"loc":{"start":{"line":8,"column":6},"end":{"line":8,"column":36}},"type":"binary-expr","locations":[{"start":{"line":8,"column":6},"end":{"line":8,"column":16}},{"start":{"line":8,"column":20},"end":{"line":8,"column":27}},{"start":{"line":8,"column":31},"end":{"line":8,"column":36}}]},"4":{"loc":{"start":{"line":15,"column":4},"end":{"line":17,"column":5}},"type":"if","locations":[{"start":{"line":15,"column":4},"end":{"line":17,"column":5}}]},"5":{"loc":{"start":{"line":41,"column":8},"end":{"line":43,"column":9}},"type":"if","locations":[{"start":{"line":41,"column":8},"end":{"line":43,"column":9}}]},"6":{"loc":{"start":{"line":46,"column":8},"end":{"line":48,"column":9}},"type":"if","locations":[{"start":{"line":46,"column":8},"end":{"line":48,"column":9}}]},"7":{"loc":{"start":{"line":64,"column":8},"end":{"line":66,"column":9}},"type":"if","locations":[{"start":{"line":64,"column":8},"end":{"line":66,"column":9}}]},"8":{"loc":{"start":{"line":69,"column":8},"end":{"line":71,"column":9}},"type":"if","locations":[{"start":{"line":69,"column":8},"end":{"line":71,"column":9}}]},"9":{"loc":{"start":{"line":87,"column":8},"end":{"line":89,"column":9}},"type":"if","locations":[{"start":{"line":87,"column":8},"end":{"line":89,"column":9}}]},"10":{"loc":{"start":{"line":92,"column":8},"end":{"line":94,"column":9}},"type":"if","locations":[{"start":{"line":92,"column":8},"end":{"line":94,"column":9}}]},"11":{"loc":{"start":{"line":110,"column":8},"end":{"line":112,"column":9}},"type":"if","locations":[{"start":{"line":110,"column":8},"end":{"line":112,"column":9}}]},"12":{"loc":{"start":{"line":128,"column":24},"end":{"line":128,"column":99}},"type":"cond-expr","locations":[{"start":{"line":128,"column":31},"end":{"line":128,"column":33}},{"start":{"line":128,"column":24},"end":{"line":128,"column":99}}]},"13":{"loc":{"start":{"line":128,"column":24},"end":{"line":128,"column":33}},"type":"binary-expr","locations":[{"start":{"line":128,"column":24},"end":{"line":128,"column":33}},{"start":{"line":128,"column":24},"end":{"line":128,"column":33}}]},"14":{"loc":{"start":{"line":130,"column":8},"end":{"line":132,"column":9}},"type":"if","locations":[{"start":{"line":130,"column":8},"end":{"line":132,"column":9}}]},"15":{"loc":{"start":{"line":134,"column":24},"end":{"line":134,"column":42}},"type":"cond-expr","locations":[{"start":{"line":134,"column":37},"end":{"line":134,"column":41}},{"start":{"line":134,"column":41},"end":{"line":134,"column":42}}]},"16":{"loc":{"start":{"line":134,"column":24},"end":{"line":134,"column":41}},"type":"binary-expr","locations":[{"start":{"line":134,"column":24},"end":{"line":134,"column":41}},{"start":{"line":134,"column":37},"end":{"line":134,"column":41}}]},"17":{"loc":{"start":{"line":135,"column":27},"end":{"line":135,"column":48}},"type":"cond-expr","locations":[{"start":{"line":135,"column":43},"end":{"line":135,"column":47}},{"start":{"line":135,"column":47},"end":{"line":135,"column":48}}]},"18":{"loc":{"start":{"line":135,"column":27},"end":{"line":135,"column":47}},"type":"binary-expr","locations":[{"start":{"line":135,"column":27},"end":{"line":135,"column":47}},{"start":{"line":135,"column":43},"end":{"line":135,"column":47}}]},"19":{"loc":{"start":{"line":137,"column":8},"end":{"line":150,"column":9}},"type":"if","locations":[{"start":{"line":137,"column":8},"end":{"line":150,"column":9}}]},"20":{"loc":{"start":{"line":138,"column":12},"end":{"line":149,"column":13}},"type":"if","locations":[{"start":{"line":138,"column":12},"end":{"line":149,"column":13}},{"start":{"line":141,"column":19},"end":{"line":149,"column":13}}]},"21":{"loc":{"start":{"line":145,"column":16},"end":{"line":148,"column":17}},"type":"if","locations":[{"start":{"line":145,"column":16},"end":{"line":148,"column":17}}]},"22":{"loc":{"start":{"line":152,"column":8},"end":{"line":165,"column":9}},"type":"if","locations":[{"start":{"line":152,"column":8},"end":{"line":165,"column":9}}]},"23":{"loc":{"start":{"line":153,"column":12},"end":{"line":164,"column":13}},"type":"if","locations":[{"start":{"line":153,"column":12},"end":{"line":164,"column":13}},{"start":{"line":156,"column":19},"end":{"line":164,"column":13}}]},"24":{"loc":{"start":{"line":160,"column":16},"end":{"line":163,"column":17}},"type":"if","locations":[{"start":{"line":160,"column":16},"end":{"line":163,"column":17}}]},"25":{"loc":{"start":{"line":167,"column":8},"end":{"line":170,"column":9}},"type":"if","locations":[{"start":{"line":167,"column":8},"end":{"line":170,"column":9}}]}},"s":{"0":5,"1":5,"2":5,"3":1,"4":1,"5":1,"6":0,"7":1,"8":1,"9":1,"10":0,"11":1,"12":1,"13":1,"14":1,"15":0,"16":0,"17":5,"18":4,"19":4,"20":4,"21":4,"22":3,"23":1,"24":2,"25":2,"26":1,"27":1,"28":1,"29":5,"30":4,"31":4,"32":4,"33":4,"34":4,"35":3,"36":1,"37":2,"38":2,"39":1,"40":1,"41":1,"42":1,"43":1,"44":5,"45":4,"46":4,"47":4,"48":4,"49":3,"50":1,"51":2,"52":2,"53":1,"54":1,"55":1,"56":1,"57":1,"58":5,"59":3,"60":3,"61":3,"62":3,"63":2,"64":1,"65":1,"66":1,"67":5,"68":10,"69":10,"70":10,"71":10,"72":10,"73":9,"74":8,"75":9,"76":2,"77":7,"78":7,"79":7,"80":3,"81":1,"82":1,"83":1,"84":2,"85":2,"86":2,"87":1,"88":1,"89":1,"90":7,"91":4,"92":1,"93":1,"94":1,"95":3,"96":3,"97":3,"98":1,"99":1,"100":1,"101":7,"102":7,"103":7,"104":1,"105":1,"106":5},"f":{"0":1,"1":1,"2":4,"3":4,"4":4,"5":4,"6":4,"7":4,"8":3,"9":3,"10":10,"11":10,"12":8,"13":1,"14":1,"15":1,"16":1},"b":{"0":[0],"1":[0],"2":[0],"3":[1,1,1],"4":[0],"5":[1],"6":[1],"7":[1],"8":[1],"9":[1],"10":[1],"11":[1],"12":[1,8],"13":[9,8],"14":[2],"15":[7,0],"16":[7,7],"17":[7,0],"18":[7,7],"19":[3],"20":[1,2],"21":[1],"22":[4],"23":[1,3],"24":[1],"25":[7]}}
,"C:\\Users\\guter\\OneDrive\\שולחן העבודה\\final project 2025\\final version brfore submit\\chargingStation\\server\\src\\controllers\\user_controller_auth.ts": {"path":"C:\\Users\\guter\\OneDrive\\שולחן העבודה\\final project 2025\\final version brfore submit\\chargingStation\\server\\src\\controllers\\user_controller_auth.ts","statementMap":{"0":{"start":{"line":2,"column":0},"end":{"line":2,"column":45}},"1":{"start":{"line":3,"column":0},"end":{"line":3,"column":28}},"2":{"start":{"line":4,"column":0},"end":{"line":4,"column":31}},"3":{"start":{"line":5,"column":0},"end":{"line":5,"column":51}},"4":{"start":{"line":6,"column":0},"end":{"line":6,"column":20}},"5":{"start":{"line":7,"column":0},"end":{"line":7,"column":24}},"6":{"start":{"line":11,"column":15},"end":{"line":42,"column":2}},"7":{"start":{"line":11,"column":53},"end":{"line":42,"column":2}},"8":{"start":{"line":12,"column":20},"end":{"line":12,"column":38}},"9":{"start":{"line":13,"column":19},"end":{"line":13,"column":36}},"10":{"start":{"line":14,"column":22},"end":{"line":14,"column":42}},"11":{"start":{"line":15,"column":16},"end":{"line":15,"column":30}},"12":{"start":{"line":17,"column":19},"end":{"line":17,"column":36}},"13":{"start":{"line":18,"column":2},"end":{"line":21,"column":3}},"14":{"start":{"line":19,"column":4},"end":{"line":19,"column":54}},"15":{"start":{"line":20,"column":4},"end":{"line":20,"column":11}},"16":{"start":{"line":22,"column":2},"end":{"line":41,"column":3}},"17":{"start":{"line":23,"column":25},"end":{"line":23,"column":66}},"18":{"start":{"line":24,"column":4},"end":{"line":27,"column":5}},"19":{"start":{"line":25,"column":6},"end":{"line":25,"column":50}},"20":{"start":{"line":26,"column":6},"end":{"line":26,"column":13}},"21":{"start":{"line":29,"column":17},"end":{"line":29,"column":41}},"22":{"start":{"line":30,"column":27},"end":{"line":30,"column":60}},"23":{"start":{"line":31,"column":17},"end":{"line":37,"column":6}},"24":{"start":{"line":38,"column":4},"end":{"line":38,"column":31}},"25":{"start":{"line":40,"column":4},"end":{"line":40,"column":30}},"26":{"start":{"line":44,"column":23},"end":{"line":70,"column":1}},"27":{"start":{"line":47,"column":17},"end":{"line":47,"column":52}},"28":{"start":{"line":48,"column":2},"end":{"line":50,"column":3}},"29":{"start":{"line":49,"column":4},"end":{"line":49,"column":16}},"30":{"start":{"line":51,"column":22},"end":{"line":57,"column":null}},"31":{"start":{"line":60,"column":23},"end":{"line":66,"column":null}},"32":{"start":{"line":69,"column":2},"end":{"line":69,"column":39}},"33":{"start":{"line":72,"column":14},"end":{"line":116,"column":2}},"34":{"start":{"line":72,"column":52},"end":{"line":116,"column":2}},"35":{"start":{"line":73,"column":16},"end":{"line":73,"column":30}},"36":{"start":{"line":74,"column":19},"end":{"line":74,"column":36}},"37":{"start":{"line":75,"column":2},"end":{"line":78,"column":3}},"38":{"start":{"line":76,"column":4},"end":{"line":76,"column":52}},"39":{"start":{"line":77,"column":4},"end":{"line":77,"column":11}},"40":{"start":{"line":79,"column":2},"end":{"line":115,"column":3}},"41":{"start":{"line":80,"column":17},"end":{"line":80,"column":58}},"42":{"start":{"line":81,"column":4},"end":{"line":84,"column":5}},"43":{"start":{"line":82,"column":6},"end":{"line":82,"column":54}},"44":{"start":{"line":83,"column":6},"end":{"line":83,"column":13}},"45":{"start":{"line":85,"column":26},"end":{"line":85,"column":71}},"46":{"start":{"line":86,"column":4},"end":{"line":89,"column":5}},"47":{"start":{"line":87,"column":6},"end":{"line":87,"column":54}},"48":{"start":{"line":88,"column":6},"end":{"line":88,"column":13}},"49":{"start":{"line":92,"column":27},"end":{"line":92,"column":46}},"50":{"start":{"line":93,"column":19},"end":{"line":93,"column":41}},"51":{"start":{"line":94,"column":4},"end":{"line":97,"column":5}},"52":{"start":{"line":95,"column":6},"end":{"line":95,"column":57}},"53":{"start":{"line":96,"column":6},"end":{"line":96,"column":13}},"54":{"start":{"line":99,"column":4},"end":{"line":101,"column":5}},"55":{"start":{"line":100,"column":6},"end":{"line":100,"column":30}},"56":{"start":{"line":102,"column":4},"end":{"line":102,"column":49}},"57":{"start":{"line":103,"column":4},"end":{"line":103,"column":22}},"58":{"start":{"line":104,"column":4},"end":{"line":112,"column":7}},"59":{"start":{"line":114,"column":4},"end":{"line":114,"column":30}},"60":{"start":{"line":118,"column":15},"end":{"line":154,"column":2}},"61":{"start":{"line":118,"column":53},"end":{"line":154,"column":2}},"62":{"start":{"line":119,"column":23},"end":{"line":119,"column":44}},"63":{"start":{"line":120,"column":2},"end":{"line":122,"column":3}},"64":{"start":{"line":121,"column":4},"end":{"line":121,"column":57}},"65":{"start":{"line":124,"column":2},"end":{"line":126,"column":3}},"66":{"start":{"line":125,"column":4},"end":{"line":125,"column":62}},"67":{"start":{"line":128,"column":2},"end":{"line":153,"column":5}},"68":{"start":{"line":128,"column":83},"end":{"line":153,"column":4}},"69":{"start":{"line":129,"column":4},"end":{"line":131,"column":5}},"70":{"start":{"line":130,"column":6},"end":{"line":130,"column":51}},"71":{"start":{"line":133,"column":20},"end":{"line":133,"column":40}},"72":{"start":{"line":134,"column":4},"end":{"line":152,"column":5}},"73":{"start":{"line":135,"column":19},"end":{"line":135,"column":64}},"74":{"start":{"line":136,"column":6},"end":{"line":138,"column":7}},"75":{"start":{"line":137,"column":8},"end":{"line":137,"column":53}},"76":{"start":{"line":140,"column":6},"end":{"line":144,"column":7}},"77":{"start":{"line":141,"column":8},"end":{"line":141,"column":32}},"78":{"start":{"line":142,"column":8},"end":{"line":142,"column":26}},"79":{"start":{"line":143,"column":8},"end":{"line":143,"column":53}},"80":{"start":{"line":146,"column":6},"end":{"line":146,"column":30}},"81":{"start":{"line":148,"column":6},"end":{"line":148,"column":24}},"82":{"start":{"line":149,"column":6},"end":{"line":149,"column":48}},"83":{"start":{"line":151,"column":6},"end":{"line":151,"column":51}},"84":{"start":{"line":160,"column":21},"end":{"line":215,"column":2}},"85":{"start":{"line":160,"column":59},"end":{"line":215,"column":2}},"86":{"start":{"line":162,"column":23},"end":{"line":162,"column":44}},"87":{"start":{"line":163,"column":2},"end":{"line":166,"column":3}},"88":{"start":{"line":164,"column":4},"end":{"line":164,"column":42}},"89":{"start":{"line":165,"column":4},"end":{"line":165,"column":11}},"90":{"start":{"line":167,"column":2},"end":{"line":170,"column":3}},"91":{"start":{"line":168,"column":4},"end":{"line":168,"column":55}},"92":{"start":{"line":169,"column":4},"end":{"line":169,"column":11}},"93":{"start":{"line":172,"column":2},"end":{"line":214,"column":4}},"94":{"start":{"line":175,"column":34},"end":{"line":213,"column":null}},"95":{"start":{"line":176,"column":6},"end":{"line":179,"column":7}},"96":{"start":{"line":177,"column":8},"end":{"line":177,"column":46}},"97":{"start":{"line":178,"column":8},"end":{"line":178,"column":15}},"98":{"start":{"line":181,"column":22},"end":{"line":181,"column":42}},"99":{"start":{"line":182,"column":6},"end":{"line":212,"column":7}},"100":{"start":{"line":183,"column":21},"end":{"line":183,"column":73}},"101":{"start":{"line":184,"column":8},"end":{"line":187,"column":9}},"102":{"start":{"line":185,"column":10},"end":{"line":185,"column":55}},"103":{"start":{"line":186,"column":10},"end":{"line":186,"column":17}},"104":{"start":{"line":189,"column":26},"end":{"line":189,"column":61}},"105":{"start":{"line":190,"column":8},"end":{"line":193,"column":9}},"106":{"start":{"line":191,"column":10},"end":{"line":191,"column":64}},"107":{"start":{"line":192,"column":10},"end":{"line":192,"column":17}},"108":{"start":{"line":195,"column":8},"end":{"line":198,"column":10}},"109":{"start":{"line":200,"column":8},"end":{"line":203,"column":10}},"110":{"start":{"line":205,"column":8},"end":{"line":205,"column":52}},"111":{"start":{"line":206,"column":8},"end":{"line":209,"column":11}},"112":{"start":{"line":211,"column":8},"end":{"line":211,"column":45}},"113":{"start":{"line":222,"column":30},"end":{"line":246,"column":1}},"114":{"start":{"line":227,"column":21},"end":{"line":227,"column":49}},"115":{"start":{"line":228,"column":16},"end":{"line":228,"column":54}},"116":{"start":{"line":229,"column":2},"end":{"line":232,"column":3}},"117":{"start":{"line":230,"column":4},"end":{"line":230,"column":42}},"118":{"start":{"line":231,"column":4},"end":{"line":231,"column":11}},"119":{"start":{"line":233,"column":2},"end":{"line":236,"column":3}},"120":{"start":{"line":234,"column":4},"end":{"line":234,"column":55}},"121":{"start":{"line":235,"column":4},"end":{"line":235,"column":11}},"122":{"start":{"line":237,"column":2},"end":{"line":245,"column":5}},"123":{"start":{"line":238,"column":4},"end":{"line":241,"column":5}},"124":{"start":{"line":239,"column":6},"end":{"line":239,"column":51}},"125":{"start":{"line":240,"column":6},"end":{"line":240,"column":13}},"126":{"start":{"line":242,"column":20},"end":{"line":242,"column":40}},"127":{"start":{"line":243,"column":4},"end":{"line":243,"column":35}},"128":{"start":{"line":244,"column":4},"end":{"line":244,"column":11}},"129":{"start":{"line":222,"column":13},"end":{"line":222,"column":30}},"130":{"start":{"line":251,"column":15},"end":{"line":251,"column":61}},"131":{"start":{"line":253,"column":21},"end":{"line":329,"column":2}},"132":{"start":{"line":253,"column":59},"end":{"line":329,"column":2}},"133":{"start":{"line":254,"column":2},"end":{"line":328,"column":3}},"134":{"start":{"line":255,"column":34},"end":{"line":255,"column":42}},"135":{"start":{"line":257,"column":19},"end":{"line":260,"column":6}},"136":{"start":{"line":262,"column":20},"end":{"line":262,"column":39}},"137":{"start":{"line":264,"column":4},"end":{"line":266,"column":5}},"138":{"start":{"line":265,"column":6},"end":{"line":265,"column":72}},"139":{"start":{"line":268,"column":92},"end":{"line":268,"column":99}},"140":{"start":{"line":270,"column":4},"end":{"line":272,"column":5}},"141":{"start":{"line":271,"column":6},"end":{"line":271,"column":78}},"142":{"start":{"line":274,"column":15},"end":{"line":274,"column":49}},"143":{"start":{"line":276,"column":4},"end":{"line":296,"column":5}},"144":{"start":{"line":277,"column":29},"end":{"line":277,"column":60}},"145":{"start":{"line":279,"column":6},"end":{"line":286,"column":9}},"146":{"start":{"line":288,"column":6},"end":{"line":288,"column":24}},"147":{"start":{"line":289,"column":11},"end":{"line":296,"column":5}},"148":{"start":{"line":290,"column":30},"end":{"line":290,"column":75}},"149":{"start":{"line":291,"column":6},"end":{"line":293,"column":7}},"150":{"start":{"line":292,"column":8},"end":{"line":292,"column":69}},"151":{"start":{"line":294,"column":11},"end":{"line":296,"column":5}},"152":{"start":{"line":295,"column":6},"end":{"line":295,"column":107}},"153":{"start":{"line":298,"column":19},"end":{"line":298,"column":54}},"154":{"start":{"line":299,"column":4},"end":{"line":301,"column":5}},"155":{"start":{"line":300,"column":6},"end":{"line":300,"column":76}},"156":{"start":{"line":303,"column":4},"end":{"line":305,"column":5}},"157":{"start":{"line":304,"column":6},"end":{"line":304,"column":30}},"158":{"start":{"line":307,"column":4},"end":{"line":309,"column":5}},"159":{"start":{"line":308,"column":6},"end":{"line":308,"column":51}},"160":{"start":{"line":311,"column":4},"end":{"line":311,"column":22}},"161":{"start":{"line":313,"column":4},"end":{"line":324,"column":7}},"162":{"start":{"line":326,"column":4},"end":{"line":326,"column":53}},"163":{"start":{"line":327,"column":4},"end":{"line":327,"column":70}},"164":{"start":{"line":331,"column":20},"end":{"line":339,"column":2}},"165":{"start":{"line":331,"column":58},"end":{"line":339,"column":2}},"166":{"start":{"line":332,"column":2},"end":{"line":338,"column":3}},"167":{"start":{"line":333,"column":18},"end":{"line":333,"column":42}},"168":{"start":{"line":334,"column":4},"end":{"line":334,"column":32}},"169":{"start":{"line":336,"column":4},"end":{"line":336,"column":50}},"170":{"start":{"line":337,"column":4},"end":{"line":337,"column":70}},"171":{"start":{"line":341,"column":20},"end":{"line":353,"column":2}},"172":{"start":{"line":341,"column":58},"end":{"line":353,"column":2}},"173":{"start":{"line":342,"column":2},"end":{"line":352,"column":3}},"174":{"start":{"line":343,"column":19},"end":{"line":343,"column":32}},"175":{"start":{"line":344,"column":17},"end":{"line":344,"column":49}},"176":{"start":{"line":345,"column":4},"end":{"line":347,"column":5}},"177":{"start":{"line":346,"column":6},"end":{"line":346,"column":65}},"178":{"start":{"line":348,"column":4},"end":{"line":348,"column":31}},"179":{"start":{"line":350,"column":4},"end":{"line":350,"column":55}},"180":{"start":{"line":351,"column":4},"end":{"line":351,"column":70}},"181":{"start":{"line":355,"column":19},"end":{"line":380,"column":2}},"182":{"start":{"line":355,"column":57},"end":{"line":380,"column":2}},"183":{"start":{"line":356,"column":2},"end":{"line":379,"column":3}},"184":{"start":{"line":357,"column":19},"end":{"line":357,"column":32}},"185":{"start":{"line":358,"column":17},"end":{"line":358,"column":58}},"186":{"start":{"line":359,"column":4},"end":{"line":361,"column":5}},"187":{"start":{"line":360,"column":6},"end":{"line":360,"column":65}},"188":{"start":{"line":363,"column":4},"end":{"line":368,"column":5}},"189":{"start":{"line":364,"column":26},"end":{"line":364,"column":71}},"190":{"start":{"line":365,"column":6},"end":{"line":367,"column":7}},"191":{"start":{"line":366,"column":8},"end":{"line":366,"column":35}},"192":{"start":{"line":370,"column":27},"end":{"line":370,"column":74}},"193":{"start":{"line":371,"column":4},"end":{"line":373,"column":5}},"194":{"start":{"line":372,"column":6},"end":{"line":372,"column":56}},"195":{"start":{"line":375,"column":4},"end":{"line":375,"column":67}},"196":{"start":{"line":377,"column":4},"end":{"line":377,"column":49}},"197":{"start":{"line":378,"column":4},"end":{"line":378,"column":70}},"198":{"start":{"line":384,"column":19},"end":{"line":409,"column":2}},"199":{"start":{"line":384,"column":57},"end":{"line":409,"column":2}},"200":{"start":{"line":385,"column":2},"end":{"line":408,"column":3}},"201":{"start":{"line":386,"column":19},"end":{"line":386,"column":32}},"202":{"start":{"line":387,"column":23},"end":{"line":387,"column":31}},"203":{"start":{"line":388,"column":22},"end":{"line":388,"column":30}},"204":{"start":{"line":390,"column":17},"end":{"line":390,"column":49}},"205":{"start":{"line":391,"column":4},"end":{"line":393,"column":5}},"206":{"start":{"line":392,"column":6},"end":{"line":392,"column":65}},"207":{"start":{"line":395,"column":4},"end":{"line":401,"column":5}},"208":{"start":{"line":396,"column":34},"end":{"line":396,"column":79}},"209":{"start":{"line":397,"column":6},"end":{"line":399,"column":7}},"210":{"start":{"line":398,"column":8},"end":{"line":398,"column":43}},"211":{"start":{"line":400,"column":6},"end":{"line":400,"column":70}},"212":{"start":{"line":403,"column":24},"end":{"line":403,"column":92}},"213":{"start":{"line":404,"column":4},"end":{"line":404,"column":86}},"214":{"start":{"line":406,"column":4},"end":{"line":406,"column":49}},"215":{"start":{"line":407,"column":4},"end":{"line":407,"column":70}},"216":{"start":{"line":414,"column":26},"end":{"line":432,"column":2}},"217":{"start":{"line":414,"column":64},"end":{"line":432,"column":2}},"218":{"start":{"line":415,"column":16},"end":{"line":415,"column":59}},"219":{"start":{"line":417,"column":2},"end":{"line":419,"column":3}},"220":{"start":{"line":418,"column":4},"end":{"line":418,"column":72}},"221":{"start":{"line":421,"column":17},"end":{"line":421,"column":47}},"222":{"start":{"line":423,"column":2},"end":{"line":431,"column":3}},"223":{"start":{"line":424,"column":20},"end":{"line":424,"column":45}},"224":{"start":{"line":426,"column":4},"end":{"line":426,"column":79}},"225":{"start":{"line":429,"column":4},"end":{"line":429,"column":56}},"226":{"start":{"line":430,"column":4},"end":{"line":430,"column":80}},"227":{"start":{"line":436,"
[...]
,"C:\\Users\\guter\\OneDrive\\שולחן העבודה\\final project 2025\\final version brfore submit\\chargingStation\\server\\src\\routes\\car_data_route.ts": {"path":"C:\\Users\\guter\\OneDrive\\שולחן העבודה\\final project 2025\\final version brfore submit\\chargingStation\\server\\src\\routes\\car_data_route.ts","statementMap":{"0":{"start":{"line":1,"column":0},"end":{"line":1,"column":30}},"1":{"start":{"line":2,"column":0},"end":{"line":2,"column":57}},"2":{"start":{"line":5,"column":15},"end":{"line":5,"column":31}},"3":{"start":{"line":114,"column":0},"end":{"line":116,"column":3}},"4":{"start":{"line":114,"column":48},"end":{"line":116,"column":2}},"5":{"start":{"line":115,"column":2},"end":{"line":115,"column":31}},"6":{"start":{"line":187,"column":0},"end":{"line":189,"column":3}},"7":{"start":{"line":187,"column":53},"end":{"line":189,"column":2}},"8":{"start":{"line":188,"column":2},"end":{"line":188,"column":34}},"9":{"start":{"line":192,"column":0},"end":{"line":192,"column":22}}},"fnMap":{"0":{"name":"(anonymous_8)","decl":{"start":{"line":114,"column":29},"end":{"line":114,"column":36}},"loc":{"start":{"line":114,"column":48},"end":{"line":116,"column":2}}},"1":{"name":"(anonymous_9)","decl":{"start":{"line":114,"column":48},"end":{"line":114,"column":null}},"loc":{"start":{"line":114,"column":48},"end":{"line":116,"column":1}}},"2":{"name":"(anonymous_10)","decl":{"start":{"line":187,"column":34},"end":{"line":187,"column":41}},"loc":{"start":{"line":187,"column":53},"end":{"line":189,"column":2}}},"3":{"name":"(anonymous_11)","decl":{"start":{"line":187,"column":53},"end":{"line":187,"column":null}},"loc":{"start":{"line":187,"column":53},"end":{"line":189,"column":1}}}},"branchMap":{},"s":{"0":5,"1":5,"2":5,"3":5,"4":4,"5":4,"6":5,"7":4,"8":4,"9":5},"f":{"0":4,"1":4,"2":4,"3":4},"b":{}}
,"C:\\Users\\guter\\OneDrive\\שולחן העבודה\\final project 2025\\final version brfore submit\\chargingStation\\server\\src\\routes\\charger_route.ts": {"path":"C:\\Users\\guter\\OneDrive\\שולחן העבודה\\final project 2025\\final version brfore submit\\chargingStation\\server\\src\\routes\\charger_route.ts","statementMap":{"0":{"start":{"line":1,"column":0},"end":{"line":1,"column":33}},"1":{"start":{"line":2,"column":0},"end":{"line":2,"column":72}},"2":{"start":{"line":3,"column":0},"end":{"line":3,"column":69}},"3":{"start":{"line":4,"column":0},"end":{"line":4,"column":32}},"4":{"start":{"line":6,"column":15},"end":{"line":6,"column":23}},"5":{"start":{"line":136,"column":0},"end":{"line":143,"column":2}},"6":{"start":{"line":141,"column":4},"end":{"line":141,"column":57}},"7":{"start":{"line":189,"column":0},"end":{"line":191,"column":3}},"8":{"start":{"line":190,"column":2},"end":{"line":190,"column":51}},"9":{"start":{"line":241,"column":0},"end":{"line":247,"column":2}},"10":{"start":{"line":245,"column":4},"end":{"line":245,"column":58}},"11":{"start":{"line":281,"column":0},"end":{"line":288,"column":2}},"12":{"start":{"line":286,"column":4},"end":{"line":286,"column":52}},"13":{"start":{"line":290,"column":0},"end":{"line":292,"column":3}},"14":{"start":{"line":291,"column":2},"end":{"line":291,"column":61}},"15":{"start":{"line":320,"column":0},"end":{"line":322,"column":3}},"16":{"start":{"line":321,"column":2},"end":{"line":321,"column":54}},"17":{"start":{"line":352,"column":0},"end":{"line":354,"column":3}},"18":{"start":{"line":353,"column":2},"end":{"line":353,"column":51}},"19":{"start":{"line":420,"column":0},"end":{"line":422,"column":3}},"20":{"start":{"line":421,"column":2},"end":{"line":421,"column":55}},"21":{"start":{"line":424,"column":0},"end":{"line":424,"column":22}}},"fnMap":{"0":{"name":"(anonymous_1)","decl":{"start":{"line":140,"column":2},"end":{"line":140,"column":3}},"loc":{"start":{"line":140,"column":15},"end":{"line":142,"column":3}}},"1":{"name":"(anonymous_2)","decl":{"start":{"line":189,"column":41},"end":{"line":189,"column":42}},"loc":{"start":{"line":189,"column":54},"end":{"line":191,"column":1}}},"2":{"name":"(anonymous_3)","decl":{"start":{"line":244,"column":2},"end":{"line":244,"column":3}},"loc":{"start":{"line":244,"column":15},"end":{"line":246,"column":3}}},"3":{"name":"(anonymous_4)","decl":{"start":{"line":285,"column":2},"end":{"line":285,"column":3}},"loc":{"start":{"line":285,"column":15},"end":{"line":287,"column":3}}},"4":{"name":"(anonymous_5)","decl":{"start":{"line":290,"column":57},"end":{"line":290,"column":58}},"loc":{"start":{"line":290,"column":70},"end":{"line":292,"column":1}}},"5":{"name":"(anonymous_6)","decl":{"start":{"line":320,"column":64},"end":{"line":320,"column":65}},"loc":{"start":{"line":320,"column":77},"end":{"line":322,"column":1}}},"6":{"name":"(anonymous_7)","decl":{"start":{"line":352,"column":30},"end":{"line":352,"column":31}},"loc":{"start":{"line":352,"column":43},"end":{"line":354,"column":1}}},"7":{"name":"(anonymous_8)","decl":{"start":{"line":420,"column":61},"end":{"line":420,"column":62}},"loc":{"start":{"line":420,"column":74},"end":{"line":422,"column":1}}}},"branchMap":{},"s":{"0":5,"1":5,"2":5,"3":5,"4":5,"5":5,"6":4,"7":5,"8":3,"9":5,"10":3,"11":5,"12":3,"13":5,"14":9,"15":5,"16":4,"17":5,"18":3,"19":5,"20":5,"21":5},"f":{"0":4,"1":3,"2":3,"3":3,"4":9,"5":4,"6":3,"7":5},"b":{}}
,"C:\\Users\\guter\\OneDrive\\שולחן העבודה\\final project 2025\\final version brfore submit\\chargingStation\\server\\src\\routes\\commentsOnCharger_route.ts": {"path":"C:\\Users\\guter\\OneDrive\\שולחן העבודה\\final project 2025\\final version brfore submit\\chargingStation\\server\\src\\routes\\commentsOnCharger_route.ts","statementMap":{"0":{"start":{"line":1,"column":0},"end":{"line":1,"column":33}},"1":{"start":{"line":2,"column":0},"end":{"line":2,"column":82}},"2":{"start":{"line":3,"column":0},"end":{"line":3,"column":69}},"3":{"start":{"line":6,"column":15},"end":{"line":6,"column":23}},"4":{"start":{"line":167,"column":0},"end":{"line":169,"column":3}},"5":{"start":{"line":168,"column":4},"end":{"line":168,"column":49}},"6":{"start":{"line":242,"column":0},"end":{"line":244,"column":3}},"7":{"start":{"line":243,"column":4},"end":{"line":243,"column":53}},"8":{"start":{"line":350,"column":0},"end":{"line":352,"column":3}},"9":{"start":{"line":351,"column":4},"end":{"line":351,"column":52}},"10":{"start":{"line":432,"column":0},"end":{"line":434,"column":3}},"11":{"start":{"line":433,"column":4},"end":{"line":433,"column":56}},"12":{"start":{"line":493,"column":0},"end":{"line":495,"column":3}},"13":{"start":{"line":494,"column":4},"end":{"line":494,"column":61}},"14":{"start":{"line":593,"column":0},"end":{"line":595,"column":3}},"15":{"start":{"line":594,"column":4},"end":{"line":594,"column":63}},"16":{"start":{"line":599,"column":0},"end":{"line":599,"column":22}}},"fnMap":{"0":{"name":"(anonymous_1)","decl":{"start":{"line":167,"column":54},"end":{"line":167,"column":55}},"loc":{"start":{"line":167,"column":67},"end":{"line":169,"column":1}}},"1":{"name":"(anonymous_2)","decl":{"start":{"line":242,"column":48},"end":{"line":242,"column":49}},"loc":{"start":{"line":242,"column":61},"end":{"line":244,"column":1}}},"2":{"name":"(anonymous_3)","decl":{"start":{"line":350,"column":67},"end":{"line":350,"column":68}},"loc":{"start":{"line":350,"column":80},"end":{"line":352,"column":1}}},"3":{"name":"(anonymous_4)","decl":{"start":{"line":432,"column":70},"end":{"line":432,"column":71}},"loc":{"start":{"line":432,"column":83},"end":{"line":434,"column":1}}},"4":{"name":"(anonymous_5)","decl":{"start":{"line":493,"column":65},"end":{"line":493,"column":66}},"loc":{"start":{"line":493,"column":78},"end":{"line":495,"column":1}}},"5":{"name":"(anonymous_6)","decl":{"start":{"line":593,"column":58},"end":{"line":593,"column":59}},"loc":{"start":{"line":593,"column":71},"end":{"line":595,"column":1}}}},"branchMap":{},"s":{"0":5,"1":5,"2":5,"3":5,"4":5,"5":1,"6":5,"7":4,"8":5,"9":4,"10":5,"11":4,"12":5,"13":3,"14":5,"15":10,"16":5},"f":{"0":1,"1":4,"2":4,"3":4,"4":3,"5":10},"b":{}}
,"C:\\Users\\guter\\OneDrive\\שולחן העבודה\\final project 2025\\final version brfore submit\\chargingStation\\server\\src\\routes\\gemini_route.ts": {"path":"C:\\Users\\guter\\OneDrive\\שולחן העבודה\\final project 2025\\final version brfore submit\\chargingStation\\server\\src\\routes\\gemini_route.ts","statementMap":{"0":{"start":{"line":1,"column":0},"end":{"line":1,"column":30}},"1":{"start":{"line":2,"column":0},"end":{"line":2,"column":56}},"2":{"start":{"line":5,"column":15},"end":{"line":5,"column":31}},"3":{"start":{"line":99,"column":0},"end":{"line":116,"column":3}},"4":{"start":{"line":99,"column":52},"end":{"line":116,"column":2}},"5":{"start":{"line":100,"column":50},"end":{"line":100,"column":58}},"6":{"start":{"line":102,"column":2},"end":{"line":104,"column":3}},"7":{"start":{"line":103,"column":4},"end":{"line":103,"column":113}},"8":{"start":{"line":106,"column":2},"end":{"line":115,"column":3}},"9":{"start":{"line":107,"column":24},"end":{"line":107,"column":94}},"10":{"start":{"line":109,"column":19},"end":{"line":109,"column":90}},"11":{"start":{"line":111,"column":4},"end":{"line":111,"column":21}},"12":{"start":{"line":113,"column":4},"end":{"line":113,"column":54}},"13":{"start":{"line":114,"column":4},"end":{"line":114,"column":75}},"14":{"start":{"line":120,"column":0},"end":{"line":120,"column":22}}},"fnMap":{"0":{"name":"(anonymous_8)","decl":{"start":{"line":99,"column":33},"end":{"line":99,"column":40}},"loc":{"start":{"line":99,"column":52},"end":{"line":116,"column":2}}},"1":{"name":"(anonymous_9)","decl":{"start":{"line":99,"column":52},"end":{"line":99,"column":null}},"loc":{"start":{"line":99,"column":52},"end":{"line":116,"column":1}}}},"branchMap":{"0":{"loc":{"start":{"line":102,"column":2},"end":{"line":104,"column":3}},"type":"if","locations":[{"start":{"line":102,"column":2},"end":{"line":104,"column":3}}]},"1":{"loc":{"start":{"line":102,"column":6},"end":{"line":102,"column":51}},"type":"binary-expr","locations":[{"start":{"line":102,"column":6},"end":{"line":102,"column":15}},{"start":{"line":102,"column":19},"end":{"line":102,"column":27}},{"start":{"line":102,"column":31},"end":{"line":102,"column":40}},{"start":{"line":102,"column":44},"end":{"line":102,"column":51}}]}},"s":{"0":5,"1":5,"2":5,"3":5,"4":0,"5":0,"6":0,"7":0,"8":0,"9":0,"10":0,"11":0,"12":0,"13":0,"14":5},"f":{"0":0,"1":0},"b":{"0":[0],"1":[0,0,0,0]}}
,"C:\\Users\\guter\\OneDrive\\שולחן העבודה\\final project 2025\\final version brfore submit\\chargingStation\\server\\src\\routes\\user_route.ts": {"path":"C:\\Users\\guter\\OneDrive\\שולחן העבודה\\final project 2025\\final version brfore submit\\chargingStation\\server\\src\\routes\\user_route.ts","statementMap":{"0":{"start":{"line":1,"column":0},"end":{"line":1,"column":30}},"1":{"start":{"line":2,"column":15},"end":{"line":2,"column":31}},"2":{"start":{"line":3,"column":0},"end":{"line":3,"column":69}},"3":{"start":{"line":4,"column":0},"end":{"line":4,"column":69}},"4":{"start":{"line":5,"column":0},"end":{"line":5,"column":32}},"5":{"start":{"line":71,"column":0},"end":{"line":73,"column":3}},"6":{"start":{"line":72,"column":2},"end":{"line":72,"column":38}},"7":{"start":{"line":112,"column":0},"end":{"line":112,"column":48}},"8":{"start":{"line":141,"column":0},"end":{"line":141,"column":50}},"9":{"start":{"line":181,"column":0},"end":{"line":181,"column":57}},"10":{"start":{"line":185,"column":0},"end":{"line":185,"column":65}},"11":{"start":{"line":263,"column":0},"end":{"line":263,"column":79}},"12":{"start":{"line":297,"column":0},"end":{"line":297,"column":75}},"13":{"start":{"line":413,"column":0},"end":{"line":413,"column":101}},"14":{"start":{"line":460,"column":0},"end":{"line":460,"column":87}},"15":{"start":{"line":514,"column":0},"end":{"line":514,"column":80}},"16":{"start":{"line":516,"column":0},"end":{"line":516,"column":22}}},"fnMap":{"0":{"name":"(anonymous_1)","decl":{"start":{"line":71,"column":23},"end":{"line":71,"column":24}},"loc":{"start":{"line":71,"column":36},"end":{"line":73,"column":1}}}},"branchMap":{},"s":{"0":5,"1":5,"2":5,"3":5,"4":5,"5":5,"6":8,"7":5,"8":5,"9":5,"10":5,"11":5,"12":5,"13":5,"14":5,"15":5,"16":5},"f":{"0":8},"b":{}}
,"C:\\Users\\guter\\OneDrive\\שולחן העבודה\\final project 2025\\final version brfore submit\\chargingStation\\server\\src\\services\\geminiService.ts": {"path":"C:\\Users\\guter\\OneDrive\\שולחן העבודה\\final project 2025\\final version brfore submit\\chargingStation\\server\\src\\services\\geminiService.ts","statementMap":{"0":{"start":{"line":1,"column":0},"end":{"line":1,"column":28}},"1":{"start":{"line":2,"column":0},"end":{"line":2,"column":26}},"2":{"start":{"line":3,"column":0},"end":{"line":3,"column":26}},"3":{"start":{"line":4,"column":0},"end":{"line":4,"column":52}},"4":{"start":{"line":5,"column":0},"end":{"line":5,"column":45}},"5":{"start":{"line":7,"column":0},"end":{"line":7,"column":16}},"6":{"start":{"line":9,"column":23},"end":{"line":9,"column":49}},"7":{"start":{"line":10,"column":23},"end":{"line":10,"column":49}},"8":{"start":{"line":31,"column":0},"end":{"line":33,"column":1}},"9":{"start":{"line":32,"column":2},"end":{"line":32,"column":64}},"10":{"start":{"line":35,"column":14},"end":{"line":38,"column":2}},"11":{"start":{"line":40,"column":20},"end":{"line":83,"column":2}},"12":{"start":{"line":40,"column":190},"end":{"line":83,"column":2}},"13":{"start":{"line":41,"column":2},"end":{"line":82,"column":3}},"14":{"start":{"line":42,"column":17},"end":{"line":42,"column":49}},"15":{"start":{"line":44,"column":4},"end":{"line":47,"column":5}},"16":{"start":{"line":45,"column":6},"end":{"line":45,"column":38}},"17":{"start":{"line":46,"column":6},"end":{"line":46,"column":13}},"18":{"start":{"line":49,"column":24},"end":{"line":49,"column":62}},"19":{"start":{"line":51,"column":4},"end":{"line":79,"column":5}},"20":{"start":{"line":52,"column":6},"end":{"line":52,"column":40}},"21":{"start":{"line":53,"column":6},"end":{"line":53,"column":38}},"22":{"start":{"line":54,"column":6},"end":{"line":54,"column":30}},"23":{"start":{"line":55,"column":6},"end":{"line":55,"column":32}},"24":{"start":{"line":56,"column":6},"end":{"line":56,"column":56}},"25":{"start":{"line":57,"column":6},"end":{"line":57,"column":56}},"26":{"start":{"line":58,"column":6},"end":{"line":58,"column":52}},"27":{"start":{"line":60,"column":6},"end":{"line":60,"column":31}},"28":{"start":{"line":61,"column":6},"end":{"line":61,"column":59}},"29":{"start":{"line":63,"column":25},"end":{"line":72,"column":8}},"30":{"start":{"line":74,"column":6},"end":{"line":74,"column":30}},"31":{"start":{"line":75,"column":6},"end":{"line":75,"column":60}},"32":{"start":{"line":77,"column":6},"end":{"line":77,"column":39}},"33":{"start":{"line":78,"column":6},"end":{"line":78,"column":24}},"34":{"start":{"line":81,"column":4},"end":{"line":81,"column":51}},"35":{"start":{"line":87,"column":24},"end":{"line":131,"column":2}},"36":{"start":{"line":87,"column":131},"end":{"line":131,"column":2}},"37":{"start":{"line":88,"column":14},"end":{"line":88,"column":55}},"38":{"start":{"line":89,"column":23},"end":{"line":91,"column":76}},"39":{"start":{"line":93,"column":18},"end":{"line":99,"column":4}},"40":{"start":{"line":101,"column":2},"end":{"line":130,"column":3}},"41":{"start":{"line":102,"column":18},"end":{"line":102,"column":70}},"42":{"start":{"line":104,"column":19},"end":{"line":108,"column":6}},"43":{"start":{"line":110,"column":21},"end":{"line":110,"column":59}},"44":{"start":{"line":112,"column":17},"end":{"line":112,"column":48}},"45":{"start":{"line":113,"column":25},"end":{"line":113,"column":72}},"46":{"start":{"line":115,"column":73},"end":{"line":115,"column":121}},"47":{"start":{"line":115,"column":109},"end":{"line":115,"column":120}},"48":{"start":{"line":116,"column":26},"end":{"line":116,"column":59}},"49":{"start":{"line":117,"column":38},"end":{"line":117,"column":78}},"50":{"start":{"line":118,"column":38},"end":{"line":118,"column":78}},"51":{"start":{"line":119,"column":36},"end":{"line":119,"column":71}},"52":{"start":{"line":122,"column":4},"end":{"line":122,"column":119}},"53":{"start":{"line":124,"column":4},"end":{"line":124,"column":162}},"54":{"start":{"line":126,"column":4},"end":{"line":126,"column":54}},"55":{"start":{"line":127,"column":4},"end":{"line":127,"column":16}},"56":{"start":{"line":129,"column":4},"end":{"line":129,"column":20}},"57":{"start":{"line":133,"column":0},"end":{"line":133,"column":31}}},"fnMap":{"0":{"name":"(anonymous_8)","decl":{"start":{"line":40,"column":20},"end":{"line":40,"column":27}},"loc":{"start":{"line":40,"column":190},"end":{"line":83,"column":2}}},"1":{"name":"(anonymous_9)","decl":{"start":{"line":40,"column":190},"end":{"line":40,"column":null}},"loc":{"start":{"line":40,"column":190},"end":{"line":83,"column":1}}},"2":{"name":"(anonymous_10)","decl":{"start":{"line":87,"column":24},"end":{"line":87,"column":31}},"loc":{"start":{"line":87,"column":131},"end":{"line":131,"column":2}}},"3":{"name":"(anonymous_11)","decl":{"start":{"line":87,"column":131},"end":{"line":87,"column":null}},"loc":{"start":{"line":87,"column":131},"end":{"line":131,"column":1}}},"4":{"name":"(anonymous_12)","decl":{"start":{"line":115,"column":101},"end":{"line":115,"column":105}},"loc":{"start":{"line":115,"column":109},"end":{"line":115,"column":120}}}},"branchMap":{"0":{"loc":{"start":{"line":31,"column":0},"end":{"line":33,"column":1}},"type":"if","locations":[{"start":{"line":31,"column":0},"end":{"line":33,"column":1}}]},"1":{"loc":{"start":{"line":44,"column":4},"end":{"line":47,"column":5}},"type":"if","locations":[{"start":{"line":44,"column":4},"end":{"line":47,"column":5}}]},"2":{"loc":{"start":{"line":51,"column":4},"end":{"line":79,"column":5}},"type":"if","locations":[{"start":{"line":51,"column":4},"end":{"line":79,"column":5}},{"start":{"line":62,"column":11},"end":{"line":79,"column":5}}]},"3":{"loc":{"start":{"line":51,"column":8},"end":{"line":51,"column":83}},"type":"binary-expr","locations":[{"start":{"line":51,"column":8},"end":{"line":51,"column":19}},{"start":{"line":51,"column":23},"end":{"line":51,"column":83}}]},"4":{"loc":{"start":{"line":51,"column":54},"end":{"line":51,"column":81}},"type":"cond-expr","locations":[{"start":{"line":51,"column":69},"end":{"line":51,"column":71}},{"start":{"line":51,"column":69},"end":{"line":51,"column":81}}]},"5":{"loc":{"start":{"line":51,"column":54},"end":{"line":51,"column":71}},"type":"binary-expr","locations":[{"start":{"line":51,"column":54},"end":{"line":51,"column":71}},{"start":{"line":51,"column":69},"end":{"line":51,"column":71}}]}},"s":{"0":5,"1":5,"2":5,"3":5,"4":5,"5":5,"6":5,"7":5,"8":5,"9":0,"10":5,"11":5,"12":0,"13":0,"14":0,"15":0,"16":0,"17":0,"18":0,"19":0,"20":0,"21":0,"22":0,"23":0,"24":0,"25":0,"26":0,"27":0,"28":0,"29":0,"30":0,"31":0,"32":0,"33":0,"34":0,"35":5,"36":0,"37":0,"38":0,"39":0,"40":0,"41":0,"42":0,"43":0,"44":0,"45":0,"46":0,"47":0,"48":0,"49":0,"50":0,"51":0,"52":0,"53":0,"54":0,"55":0,"56":0,"57":5},"f":{"0":0,"1":0,"2":0,"3":0,"4":0},"b":{"0":[0],"1":[0],"2":[0,0],"3":[0,0],"4":[0,0],"5":[0,0]}}
}
